TN:
SF:assets/js/breadcrumb.js
FN:1,(anonymous_1)
FN:14,get_data
FN:20,(anonymous_3)
FN:29,(anonymous_4)
FN:33,parse_breadcrumb
FNF:5
FNH:1
FNDA:1,(anonymous_1)
FNDA:0,get_data
FNDA:0,(anonymous_3)
FNDA:0,(anonymous_4)
FNDA:0,parse_breadcrumb
DA:1,1
DA:2,1
DA:3,0
DA:4,0
DA:5,0
DA:6,0
DA:7,0
DA:8,0
DA:9,0
DA:11,0
DA:12,0
DA:14,1
DA:15,0
DA:21,0
DA:22,0
DA:23,0
DA:24,0
DA:26,0
DA:27,0
DA:30,0
DA:33,1
DA:34,0
DA:35,0
DA:36,0
DA:37,0
DA:38,0
DA:39,0
DA:40,0
DA:43,0
DA:44,0
DA:45,0
DA:46,0
DA:47,0
DA:49,0
DA:52,0
DA:53,0
LF:36
LH:4
BRDA:8,1,0,0
BRDA:8,1,1,0
BRDA:23,2,0,0
BRDA:23,2,1,0
BRDA:26,3,0,0
BRDA:26,3,1,0
BRDA:38,4,0,0
BRDA:38,4,1,0
BRDA:43,5,0,0
BRDA:43,5,1,0
BRDA:45,6,0,0
BRDA:45,6,1,0
BRDA:52,7,0,0
BRDA:52,7,1,0
BRDA:52,8,0,0
BRDA:52,8,1,0
BRF:16
BRH:0
end_of_record
TN:
SF:assets/js/browse.js
FN:1,(anonymous_1)
FN:44,get_data
FN:55,(anonymous_3)
FN:80,(anonymous_4)
FN:88,paginate
FN:139,facetize
FN:149,parse_facets
FN:150,(anonymous_8)
FN:158,(anonymous_9)
FN:161,(anonymous_10)
FN:166,(anonymous_11)
FN:190,resultize
FN:193,(anonymous_13)
FN:267,clickable
FN:268,(anonymous_15)
FN:279,(anonymous_16)
FN:284,(anonymous_17)
FN:300,(anonymous_18)
FN:322,(anonymous_19)
FN:328,(anonymous_20)
FN:333,titleize
FN:341,(anonymous_22)
FN:346,GetURLParameter
FN:357,get_wp_data
FN:370,(anonymous_25)
FN:374,(anonymous_26)
FN:382,(anonymous_27)
FN:393,fix_wp_pagination
FN:394,(anonymous_29)
FN:401,get_short_name
FNF:30
FNH:0
FNDA:0,(anonymous_1)
FNDA:0,get_data
FNDA:0,(anonymous_3)
FNDA:0,(anonymous_4)
FNDA:0,paginate
FNDA:0,facetize
FNDA:0,parse_facets
FNDA:0,(anonymous_8)
FNDA:0,(anonymous_9)
FNDA:0,(anonymous_10)
FNDA:0,(anonymous_11)
FNDA:0,resultize
FNDA:0,(anonymous_13)
FNDA:0,clickable
FNDA:0,(anonymous_15)
FNDA:0,(anonymous_16)
FNDA:0,(anonymous_17)
FNDA:0,(anonymous_18)
FNDA:0,(anonymous_19)
FNDA:0,(anonymous_20)
FNDA:0,titleize
FNDA:0,(anonymous_22)
FNDA:0,GetURLParameter
FNDA:0,get_wp_data
FNDA:0,(anonymous_25)
FNDA:0,(anonymous_26)
FNDA:0,(anonymous_27)
FNDA:0,fix_wp_pagination
FNDA:0,(anonymous_29)
FNDA:0,get_short_name
DA:1,1
DA:2,0
DA:3,0
DA:4,0
DA:5,0
DA:6,0
DA:7,0
DA:8,0
DA:9,0
DA:10,0
DA:11,0
DA:12,0
DA:13,0
DA:14,0
DA:15,0
DA:16,0
DA:17,0
DA:18,0
DA:20,0
DA:21,0
DA:22,0
DA:23,0
DA:25,0
DA:26,0
DA:28,0
DA:29,0
DA:30,0
DA:31,0
DA:32,0
DA:33,0
DA:34,0
DA:36,0
DA:37,0
DA:38,0
DA:40,0
DA:41,0
DA:44,1
DA:45,0
DA:46,0
DA:47,0
DA:57,0
DA:58,0
DA:59,0
DA:60,0
DA:61,0
DA:62,0
DA:63,0
DA:64,0
DA:65,0
DA:66,0
DA:68,0
DA:69,0
DA:70,0
DA:71,0
DA:72,0
DA:73,0
DA:74,0
DA:75,0
DA:78,0
DA:82,0
DA:88,1
DA:89,0
DA:90,0
DA:91,0
DA:92,0
DA:93,0
DA:94,0
DA:95,0
DA:96,0
DA:98,0
DA:100,0
DA:101,0
DA:102,0
DA:103,0
DA:104,0
DA:106,0
DA:108,0
DA:109,0
DA:111,0
DA:112,0
DA:114,0
DA:117,0
DA:118,0
DA:119,0
DA:120,0
DA:123,0
DA:124,0
DA:125,0
DA:127,0
DA:129,0
DA:130,0
DA:131,0
DA:133,0
DA:134,0
DA:139,1
DA:140,0
DA:141,0
DA:142,0
DA:143,0
DA:145,0
DA:146,0
DA:149,1
DA:150,0
DA:151,0
DA:152,0
DA:153,0
DA:154,0
DA:155,0
DA:156,0
DA:157,0
DA:158,0
DA:159,0
DA:161,0
DA:162,0
DA:163,0
DA:164,0
DA:166,0
DA:167,0
DA:168,0
DA:169,0
DA:170,0
DA:171,0
DA:172,0
DA:174,0
DA:176,0
DA:178,0
DA:179,0
DA:180,0
DA:181,0
DA:183,0
DA:186,0
DA:190,1
DA:192,0
DA:193,0
DA:194,0
DA:195,0
DA:196,0
DA:197,0
DA:198,0
DA:199,0
DA:200,0
DA:201,0
DA:202,0
DA:203,0
DA:204,0
DA:205,0
DA:206,0
DA:207,0
DA:208,0
DA:210,0
DA:211,0
DA:213,0
DA:214,0
DA:215,0
DA:217,0
DA:219,0
DA:220,0
DA:221,0
DA:223,0
DA:224,0
DA:226,0
DA:227,0
DA:229,0
DA:230,0
DA:232,0
DA:235,0
DA:236,0
DA:237,0
DA:239,0
DA:241,0
DA:242,0
DA:243,0
DA:245,0
DA:247,0
DA:248,0
DA:249,0
DA:251,0
DA:252,0
DA:254,0
DA:255,0
DA:257,0
DA:258,0
DA:260,0
DA:262,0
DA:264,0
DA:267,1
DA:268,0
DA:269,0
DA:270,0
DA:271,0
DA:272,0
DA:273,0
DA:275,0
DA:277,0
DA:279,0
DA:280,0
DA:281,0
DA:282,0
DA:284,0
DA:285,0
DA:286,0
DA:287,0
DA:288,0
DA:289,0
DA:291,0
DA:293,0
DA:294,0
DA:295,0
DA:296,0
DA:297,0
DA:298,0
DA:300,0
DA:301,0
DA:302,0
DA:303,0
DA:304,0
DA:305,0
DA:306,0
DA:307,0
DA:308,0
DA:310,0
DA:312,0
DA:313,0
DA:314,0
DA:315,0
DA:320,0
DA:322,0
DA:323,0
DA:324,0
DA:325,0
DA:328,0
DA:329,0
DA:330,0
DA:333,1
DA:334,0
DA:335,0
DA:336,0
DA:337,0
DA:339,0
DA:340,0
DA:341,0
DA:342,0
DA:346,1
DA:347,0
DA:348,0
DA:349,0
DA:350,0
DA:351,0
DA:352,0
DA:357,1
DA:358,0
DA:359,0
DA:360,0
DA:362,0
DA:372,0
DA:376,0
DA:377,0
DA:378,0
DA:379,0
DA:380,0
DA:384,0
DA:385,0
DA:393,1
DA:394,0
DA:395,0
DA:396,0
DA:397,0
DA:401,1
DA:402,0
DA:403,0
DA:404,0
DA:405,0
DA:406,0
DA:407,0
DA:408,0
DA:409,0
DA:410,0
DA:411,0
DA:412,0
DA:413,0
DA:414,0
DA:415,0
DA:417,0
LF:283
LH:12
BRDA:14,1,0,0
BRDA:14,1,1,0
BRDA:15,2,0,0
BRDA:15,2,1,0
BRDA:15,3,0,0
BRDA:15,3,1,0
BRDA:20,4,0,0
BRDA:20,4,1,0
BRDA:25,5,0,0
BRDA:25,5,1,0
BRDA:28,6,0,0
BRDA:28,6,1,0
BRDA:31,7,0,0
BRDA:31,7,1,0
BRDA:59,8,0,0
BRDA:59,8,1,0
BRDA:61,9,0,0
BRDA:61,9,1,0
BRDA:63,10,0,0
BRDA:63,10,1,0
BRDA:65,11,0,0
BRDA:65,11,1,0
BRDA:68,12,0,0
BRDA:68,12,1,0
BRDA:74,13,0,0
BRDA:74,13,1,0
BRDA:93,14,0,0
BRDA:93,14,1,0
BRDA:95,15,0,0
BRDA:95,15,1,0
BRDA:103,16,0,0
BRDA:103,16,1,0
BRDA:108,17,0,0
BRDA:108,17,1,0
BRDA:111,18,0,0
BRDA:111,18,1,0
BRDA:111,19,0,0
BRDA:111,19,1,0
BRDA:111,19,2,0
BRDA:111,19,3,0
BRDA:111,19,4,0
BRDA:118,20,0,0
BRDA:118,20,1,0
BRDA:118,21,0,0
BRDA:118,21,1,0
BRDA:118,21,2,0
BRDA:118,21,3,0
BRDA:118,21,4,0
BRDA:124,22,0,0
BRDA:124,22,1,0
BRDA:142,23,0,0
BRDA:142,23,1,0
BRDA:153,24,0,0
BRDA:153,24,1,0
BRDA:162,25,0,0
BRDA:162,25,1,0
BRDA:163,26,0,0
BRDA:163,26,1,0
BRDA:169,27,0,0
BRDA:169,27,1,0
BRDA:171,28,0,0
BRDA:171,28,1,0
BRDA:180,29,0,0
BRDA:180,29,1,0
BRDA:198,30,0,0
BRDA:198,30,1,0
BRDA:199,31,0,0
BRDA:199,31,1,0
BRDA:200,32,0,0
BRDA:200,32,1,0
BRDA:201,33,0,0
BRDA:201,33,1,0
BRDA:202,34,0,0
BRDA:202,34,1,0
BRDA:203,35,0,0
BRDA:203,35,1,0
BRDA:204,36,0,0
BRDA:204,36,1,0
BRDA:205,37,0,0
BRDA:205,37,1,0
BRDA:207,38,0,0
BRDA:207,38,1,0
BRDA:211,39,0,0
BRDA:211,39,1,0
BRDA:214,40,0,0
BRDA:214,40,1,0
BRDA:220,41,0,0
BRDA:220,41,1,0
BRDA:223,42,0,0
BRDA:223,42,1,0
BRDA:223,43,0,0
BRDA:223,43,1,0
BRDA:226,44,0,0
BRDA:226,44,1,0
BRDA:226,45,0,0
BRDA:226,45,1,0
BRDA:229,46,0,0
BRDA:229,46,1,0
BRDA:229,47,0,0
BRDA:229,47,1,0
BRDA:236,48,0,0
BRDA:236,48,1,0
BRDA:242,49,0,0
BRDA:242,49,1,0
BRDA:248,50,0,0
BRDA:248,50,1,0
BRDA:251,51,0,0
BRDA:251,51,1,0
BRDA:251,52,0,0
BRDA:251,52,1,0
BRDA:254,53,0,0
BRDA:254,53,1,0
BRDA:254,54,0,0
BRDA:254,54,1,0
BRDA:257,55,0,0
BRDA:257,55,1,0
BRDA:257,56,0,0
BRDA:257,56,1,0
BRDA:270,57,0,0
BRDA:270,57,1,0
BRDA:272,58,0,0
BRDA:272,58,1,0
BRDA:287,59,0,0
BRDA:287,59,1,0
BRDA:303,60,0,0
BRDA:303,60,1,0
BRDA:306,61,0,0
BRDA:306,61,1,0
BRDA:330,62,0,0
BRDA:330,62,1,0
BRDA:334,63,0,0
BRDA:334,63,1,0
BRDA:336,64,0,0
BRDA:336,64,1,0
BRDA:351,65,0,0
BRDA:351,65,1,0
BRDA:358,66,0,0
BRDA:358,66,1,0
BRDA:359,67,0,0
BRDA:359,67,1,0
BRDA:402,68,0,0
BRDA:402,68,1,0
BRDA:404,69,0,0
BRDA:404,69,1,0
BRDA:404,70,0,0
BRDA:404,70,1,0
BRDA:404,70,2,0
BRDA:404,70,3,0
BRDA:404,70,4,0
BRDA:406,71,0,0
BRDA:406,71,1,0
BRDA:408,72,0,0
BRDA:408,72,1,0
BRDA:410,73,0,0
BRDA:410,73,1,0
BRDA:410,74,0,0
BRDA:410,74,1,0
BRDA:410,74,2,0
BRDA:412,75,0,0
BRDA:412,75,1,0
BRDA:414,76,0,0
BRDA:414,76,1,0
BRF:162
BRH:0
end_of_record
TN:
SF:assets/js/elevatezoom/jquery.elevateZoom-3.0.8.min.js
FN:2,(anonymous_1)
FN:2,h
FN:3,(anonymous_3)
FN:3,(anonymous_4)
FN:3,(anonymous_5)
FN:4,(anonymous_6)
FN:4,(anonymous_7)
FN:4,(anonymous_8)
FN:4,(anonymous_9)
FN:5,(anonymous_10)
FN:12,(anonymous_11)
FN:13,(anonymous_12)
FN:13,(anonymous_13)
FN:14,(anonymous_14)
FN:15,(anonymous_15)
FN:15,(anonymous_16)
FN:15,(anonymous_17)
FN:16,(anonymous_18)
FN:16,(anonymous_19)
FN:16,(anonymous_20)
FN:17,(anonymous_21)
FN:17,(anonymous_22)
FN:17,(anonymous_23)
FN:18,(anonymous_24)
FN:18,(anonymous_25)
FN:18,(anonymous_26)
FN:19,(anonymous_27)
FN:19,(anonymous_28)
FN:19,(anonymous_29)
FN:19,(anonymous_30)
FN:20,(anonymous_31)
FN:21,(anonymous_32)
FN:22,(anonymous_33)
FN:30,(anonymous_34)
FN:31,(anonymous_35)
FN:32,(anonymous_36)
FN:32,(anonymous_37)
FN:33,(anonymous_38)
FN:40,(anonymous_39)
FN:45,(anonymous_40)
FN:46,(anonymous_41)
FN:47,(anonymous_42)
FN:47,(anonymous_43)
FN:47,(anonymous_44)
FN:48,(anonymous_45)
FN:49,(anonymous_46)
FN:54,(anonymous_47)
FN:56,(anonymous_48)
FN:56,(anonymous_49)
FN:56,(anonymous_50)
FN:57,(anonymous_51)
FN:63,(anonymous_52)
FN:64,(anonymous_53)
FN:64,(anonymous_54)
FN:64,(anonymous_55)
FN:66,(anonymous_56)
FNF:56
FNH:1
FNDA:0,(anonymous_1)
FNDA:0,h
FNDA:1,(anonymous_3)
FNDA:0,(anonymous_4)
FNDA:0,(anonymous_5)
FNDA:0,(anonymous_6)
FNDA:0,(anonymous_7)
FNDA:0,(anonymous_8)
FNDA:0,(anonymous_9)
FNDA:0,(anonymous_10)
FNDA:0,(anonymous_11)
FNDA:0,(anonymous_12)
FNDA:0,(anonymous_13)
FNDA:0,(anonymous_14)
FNDA:0,(anonymous_15)
FNDA:0,(anonymous_16)
FNDA:0,(anonymous_17)
FNDA:0,(anonymous_18)
FNDA:0,(anonymous_19)
FNDA:0,(anonymous_20)
FNDA:0,(anonymous_21)
FNDA:0,(anonymous_22)
FNDA:0,(anonymous_23)
FNDA:0,(anonymous_24)
FNDA:0,(anonymous_25)
FNDA:0,(anonymous_26)
FNDA:0,(anonymous_27)
FNDA:0,(anonymous_28)
FNDA:0,(anonymous_29)
FNDA:0,(anonymous_30)
FNDA:0,(anonymous_31)
FNDA:0,(anonymous_32)
FNDA:0,(anonymous_33)
FNDA:0,(anonymous_34)
FNDA:0,(anonymous_35)
FNDA:0,(anonymous_36)
FNDA:0,(anonymous_37)
FNDA:0,(anonymous_38)
FNDA:0,(anonymous_39)
FNDA:0,(anonymous_40)
FNDA:0,(anonymous_41)
FNDA:0,(anonymous_42)
FNDA:0,(anonymous_43)
FNDA:0,(anonymous_44)
FNDA:0,(anonymous_45)
FNDA:0,(anonymous_46)
FNDA:0,(anonymous_47)
FNDA:0,(anonymous_48)
FNDA:0,(anonymous_49)
FNDA:0,(anonymous_50)
FNDA:0,(anonymous_51)
FNDA:0,(anonymous_52)
FNDA:0,(anonymous_53)
FNDA:0,(anonymous_54)
FNDA:0,(anonymous_55)
FNDA:0,(anonymous_56)
DA:2,1
DA:3,1
DA:4,0
DA:5,0
DA:6,0
DA:7,0
DA:9,0
DA:10,0
DA:11,0
DA:12,0
DA:13,0
DA:14,0
DA:15,0
DA:16,0
DA:17,0
DA:18,0
DA:19,0
DA:20,0
DA:21,0
DA:22,0
DA:24,0
DA:25,0
DA:26,0
DA:30,0
DA:31,0
DA:32,0
DA:33,0
DA:34,0
DA:35,0
DA:36,0
DA:37,0
DA:38,0
DA:39,0
DA:40,0
DA:45,0
DA:46,0
DA:47,0
DA:48,0
DA:49,0
DA:50,0
DA:51,0
DA:54,0
DA:55,0
DA:56,0
DA:57,0
DA:59,0
DA:61,0
DA:63,0
DA:64,1
LF:49
LH:3
BRDA:2,1,0,1
BRDA:2,1,1,0
BRDA:3,2,0,0
BRDA:3,2,1,0
BRDA:3,3,0,0
BRDA:3,3,1,0
BRDA:3,4,0,0
BRDA:3,4,1,0
BRDA:3,5,0,0
BRDA:3,5,1,0
BRDA:4,6,0,0
BRDA:4,6,1,0
BRDA:4,7,0,0
BRDA:4,7,1,0
BRDA:5,8,0,0
BRDA:5,8,1,0
BRDA:6,9,0,0
BRDA:6,9,1,0
BRDA:7,10,0,0
BRDA:7,10,1,0
BRDA:7,11,0,0
BRDA:7,11,1,0
BRDA:8,12,0,0
BRDA:8,12,1,0
BRDA:8,13,0,0
BRDA:8,13,1,0
BRDA:10,14,0,0
BRDA:10,14,1,0
BRDA:10,15,0,0
BRDA:10,15,1,0
BRDA:11,16,0,0
BRDA:11,16,1,0
BRDA:11,16,2,0
BRDA:12,17,0,0
BRDA:12,17,1,0
BRDA:12,18,0,0
BRDA:12,18,1,0
BRDA:13,19,0,0
BRDA:13,19,1,0
BRDA:14,20,0,0
BRDA:14,20,1,0
BRDA:14,21,0,0
BRDA:14,21,1,0
BRDA:14,22,0,0
BRDA:14,22,1,0
BRDA:15,23,0,0
BRDA:15,23,1,0
BRDA:15,24,0,0
BRDA:15,24,1,0
BRDA:15,25,0,0
BRDA:15,25,1,0
BRDA:15,26,0,0
BRDA:15,26,1,0
BRDA:15,27,0,0
BRDA:15,27,1,0
BRDA:15,27,2,0
BRDA:16,28,0,0
BRDA:16,28,1,0
BRDA:16,29,0,0
BRDA:16,29,1,0
BRDA:16,29,2,0
BRDA:16,30,0,0
BRDA:16,30,1,0
BRDA:16,31,0,0
BRDA:16,31,1,0
BRDA:16,32,0,0
BRDA:16,32,1,0
BRDA:16,33,0,0
BRDA:16,33,1,0
BRDA:16,33,2,0
BRDA:17,34,0,0
BRDA:17,34,1,0
BRDA:17,35,0,0
BRDA:17,35,1,0
BRDA:17,36,0,0
BRDA:17,36,1,0
BRDA:17,37,0,0
BRDA:17,37,1,0
BRDA:17,38,0,0
BRDA:17,38,1,0
BRDA:17,39,0,0
BRDA:17,39,1,0
BRDA:17,40,0,0
BRDA:17,40,1,0
BRDA:17,41,0,0
BRDA:17,41,1,0
BRDA:17,42,0,0
BRDA:17,42,1,0
BRDA:18,43,0,0
BRDA:18,43,1,0
BRDA:18,43,2,0
BRDA:18,44,0,0
BRDA:18,44,1,0
BRDA:18,45,0,0
BRDA:18,45,1,0
BRDA:18,46,0,0
BRDA:18,46,1,0
BRDA:18,47,0,0
BRDA:18,47,1,0
BRDA:18,48,0,0
BRDA:18,48,1,0
BRDA:18,49,0,0
BRDA:18,49,1,0
BRDA:19,50,0,0
BRDA:19,50,1,0
BRDA:19,51,0,0
BRDA:19,51,1,0
BRDA:19,52,0,0
BRDA:19,52,1,0
BRDA:19,53,0,0
BRDA:19,53,1,0
BRDA:20,54,0,0
BRDA:20,54,1,0
BRDA:20,55,0,0
BRDA:20,55,1,0
BRDA:20,56,0,0
BRDA:20,56,1,0
BRDA:20,57,0,0
BRDA:20,57,1,0
BRDA:20,58,0,0
BRDA:20,58,1,0
BRDA:21,59,0,0
BRDA:21,59,1,0
BRDA:21,60,0,0
BRDA:21,60,1,0
BRDA:21,60,2,0
BRDA:21,61,0,0
BRDA:21,61,1,0
BRDA:21,62,0,0
BRDA:21,62,1,0
BRDA:21,63,0,0
BRDA:21,63,1,0
BRDA:21,64,0,0
BRDA:21,64,1,0
BRDA:21,64,2,0
BRDA:21,65,0,0
BRDA:21,65,1,0
BRDA:21,66,0,0
BRDA:21,66,1,0
BRDA:21,67,0,0
BRDA:21,67,1,0
BRDA:21,68,0,0
BRDA:21,68,1,0
BRDA:22,69,0,0
BRDA:22,69,1,0
BRDA:22,70,0,0
BRDA:22,70,1,0
BRDA:22,71,0,0
BRDA:22,71,1,0
BRDA:22,71,2,0
BRDA:22,72,0,0
BRDA:22,72,1,0
BRDA:22,72,2,0
BRDA:22,72,3,0
BRDA:22,73,0,0
BRDA:22,73,1,0
BRDA:23,74,0,0
BRDA:23,74,1,0
BRDA:23,75,0,0
BRDA:23,75,1,0
BRDA:23,76,0,0
BRDA:23,76,1,0
BRDA:23,77,0,0
BRDA:23,77,1,0
BRDA:24,78,0,0
BRDA:24,78,1,0
BRDA:24,79,0,0
BRDA:24,79,1,0
BRDA:25,80,0,0
BRDA:25,80,1,0
BRDA:25,81,0,0
BRDA:25,81,1,0
BRDA:26,82,0,0
BRDA:26,82,1,0
BRDA:26,83,0,0
BRDA:26,83,1,0
BRDA:26,83,2,0
BRDA:26,83,3,0
BRDA:26,84,0,0
BRDA:26,84,1,0
BRDA:26,85,0,0
BRDA:26,85,1,0
BRDA:27,86,0,0
BRDA:27,86,1,0
BRDA:27,87,0,0
BRDA:27,87,1,0
BRDA:27,88,0,0
BRDA:27,88,1,0
BRDA:27,89,0,0
BRDA:27,89,1,0
BRDA:27,90,0,0
BRDA:27,90,1,0
BRDA:27,91,0,0
BRDA:27,91,1,0
BRDA:27,92,0,0
BRDA:27,92,1,0
BRDA:28,93,0,0
BRDA:28,93,1,0
BRDA:28,94,0,0
BRDA:28,94,1,0
BRDA:28,95,0,0
BRDA:28,95,1,0
BRDA:28,96,0,0
BRDA:28,96,1,0
BRDA:29,97,0,0
BRDA:29,97,1,0
BRDA:29,98,0,0
BRDA:29,98,1,0
BRDA:29,98,2,0
BRDA:30,99,0,0
BRDA:30,99,1,0
BRDA:30,100,0,0
BRDA:30,100,1,0
BRDA:30,101,0,0
BRDA:30,101,1,0
BRDA:30,102,0,0
BRDA:30,102,1,0
BRDA:30,102,2,0
BRDA:30,103,0,0
BRDA:30,103,1,0
BRDA:30,103,2,0
BRDA:30,104,0,0
BRDA:30,104,1,0
BRDA:31,105,0,0
BRDA:31,105,1,0
BRDA:31,105,2,0
BRDA:31,106,0,0
BRDA:31,106,1,0
BRDA:31,107,0,0
BRDA:31,107,1,0
BRDA:31,107,2,0
BRDA:31,108,0,0
BRDA:31,108,1,0
BRDA:31,109,0,0
BRDA:31,109,1,0
BRDA:31,109,2,0
BRDA:31,110,0,0
BRDA:31,110,1,0
BRDA:32,111,0,0
BRDA:32,111,1,0
BRDA:32,111,2,0
BRDA:32,112,0,0
BRDA:32,112,1,0
BRDA:32,113,0,0
BRDA:32,113,1,0
BRDA:32,113,2,0
BRDA:32,114,0,0
BRDA:32,114,1,0
BRDA:33,115,0,0
BRDA:33,115,1,0
BRDA:33,116,0,0
BRDA:33,116,1,0
BRDA:33,116,2,0
BRDA:33,116,3,0
BRDA:33,116,4,0
BRDA:33,116,5,0
BRDA:33,116,6,0
BRDA:33,116,7,0
BRDA:33,116,8,0
BRDA:33,116,9,0
BRDA:33,116,10,0
BRDA:33,116,11,0
BRDA:33,116,12,0
BRDA:33,116,13,0
BRDA:33,116,14,0
BRDA:33,116,15,0
BRDA:33,116,16,0
BRDA:34,117,0,0
BRDA:34,117,1,0
BRDA:34,118,0,0
BRDA:34,118,1,0
BRDA:35,119,0,0
BRDA:35,119,1,0
BRDA:37,120,0,0
BRDA:37,120,1,0
BRDA:38,121,0,0
BRDA:38,121,1,0
BRDA:39,122,0,0
BRDA:39,122,1,0
BRDA:39,123,0,0
BRDA:39,123,1,0
BRDA:39,124,0,0
BRDA:39,124,1,0
BRDA:39,125,0,0
BRDA:39,125,1,0
BRDA:39,126,0,0
BRDA:39,126,1,0
BRDA:39,127,0,0
BRDA:39,127,1,0
BRDA:39,128,0,0
BRDA:39,128,1,0
BRDA:39,129,0,0
BRDA:39,129,1,0
BRDA:39,130,0,0
BRDA:39,130,1,0
BRDA:39,131,0,0
BRDA:39,131,1,0
BRDA:39,132,0,0
BRDA:39,132,1,0
BRDA:39,133,0,0
BRDA:39,133,1,0
BRDA:40,134,0,0
BRDA:40,134,1,0
BRDA:40,135,0,0
BRDA:40,135,1,0
BRDA:40,136,0,0
BRDA:40,136,1,0
BRDA:40,137,0,0
BRDA:40,137,1,0
BRDA:40,138,0,0
BRDA:40,138,1,0
BRDA:40,139,0,0
BRDA:40,139,1,0
BRDA:40,140,0,0
BRDA:40,140,1,0
BRDA:40,141,0,0
BRDA:40,141,1,0
BRDA:41,142,0,0
BRDA:41,142,1,0
BRDA:41,143,0,0
BRDA:41,143,1,0
BRDA:42,144,0,0
BRDA:42,144,1,0
BRDA:42,145,0,0
BRDA:42,145,1,0
BRDA:42,146,0,0
BRDA:42,146,1,0
BRDA:42,147,0,0
BRDA:42,147,1,0
BRDA:43,148,0,0
BRDA:43,148,1,0
BRDA:43,149,0,0
BRDA:43,149,1,0
BRDA:43,150,0,0
BRDA:43,150,1,0
BRDA:44,151,0,0
BRDA:44,151,1,0
BRDA:44,152,0,0
BRDA:44,152,1,0
BRDA:45,153,0,0
BRDA:45,153,1,0
BRDA:45,154,0,0
BRDA:45,154,1,0
BRDA:45,155,0,0
BRDA:45,155,1,0
BRDA:45,156,0,0
BRDA:45,156,1,0
BRDA:46,157,0,0
BRDA:46,157,1,0
BRDA:46,158,0,0
BRDA:46,158,1,0
BRDA:46,159,0,0
BRDA:46,159,1,0
BRDA:46,160,0,0
BRDA:46,160,1,0
BRDA:48,161,0,0
BRDA:48,161,1,0
BRDA:48,162,0,0
BRDA:48,162,1,0
BRDA:48,163,0,0
BRDA:48,163,1,0
BRDA:48,164,0,0
BRDA:48,164,1,0
BRDA:49,165,0,0
BRDA:49,165,1,0
BRDA:49,165,2,0
BRDA:49,166,0,0
BRDA:49,166,1,0
BRDA:49,166,2,0
BRDA:50,167,0,0
BRDA:50,167,1,0
BRDA:50,168,0,0
BRDA:50,168,1,0
BRDA:51,169,0,0
BRDA:51,169,1,0
BRDA:51,170,0,0
BRDA:51,170,1,0
BRDA:51,171,0,0
BRDA:51,171,1,0
BRDA:51,172,0,0
BRDA:51,172,1,0
BRDA:52,173,0,0
BRDA:52,173,1,0
BRDA:52,174,0,0
BRDA:52,174,1,0
BRDA:53,175,0,0
BRDA:53,175,1,0
BRDA:53,176,0,0
BRDA:53,176,1,0
BRDA:54,177,0,0
BRDA:54,177,1,0
BRDA:54,178,0,0
BRDA:54,178,1,0
BRDA:55,179,0,0
BRDA:55,179,1,0
BRDA:55,180,0,0
BRDA:55,180,1,0
BRDA:55,181,0,0
BRDA:55,181,1,0
BRDA:55,182,0,0
BRDA:55,182,1,0
BRDA:56,183,0,0
BRDA:56,183,1,0
BRDA:56,184,0,0
BRDA:56,184,1,0
BRDA:56,185,0,0
BRDA:56,185,1,0
BRDA:56,186,0,0
BRDA:56,186,1,0
BRDA:57,187,0,0
BRDA:57,187,1,0
BRDA:57,188,0,0
BRDA:57,188,1,0
BRDA:58,189,0,0
BRDA:58,189,1,0
BRDA:58,190,0,0
BRDA:58,190,1,0
BRDA:58,191,0,0
BRDA:58,191,1,0
BRDA:59,192,0,0
BRDA:59,192,1,0
BRDA:59,193,0,0
BRDA:59,193,1,0
BRDA:59,194,0,0
BRDA:59,194,1,0
BRDA:59,195,0,0
BRDA:59,195,1,0
BRDA:60,196,0,0
BRDA:60,196,1,0
BRDA:60,197,0,0
BRDA:60,197,1,0
BRDA:60,198,0,0
BRDA:60,198,1,0
BRDA:60,199,0,0
BRDA:60,199,1,0
BRDA:61,200,0,0
BRDA:61,200,1,0
BRDA:61,201,0,0
BRDA:61,201,1,0
BRDA:61,202,0,0
BRDA:61,202,1,0
BRDA:61,203,0,0
BRDA:61,203,1,0
BRDA:61,204,0,0
BRDA:61,204,1,0
BRDA:61,205,0,0
BRDA:61,205,1,0
BRDA:61,206,0,0
BRDA:61,206,1,0
BRDA:61,207,0,0
BRDA:61,207,1,0
BRDA:61,207,2,0
BRDA:62,208,0,0
BRDA:62,208,1,0
BRDA:62,208,2,0
BRDA:62,209,0,0
BRDA:62,209,1,0
BRDA:62,210,0,0
BRDA:62,210,1,0
BRDA:62,210,2,0
BRDA:62,211,0,0
BRDA:62,211,1,0
BRDA:62,211,2,0
BRDA:62,212,0,0
BRDA:62,212,1,0
BRDA:62,212,2,0
BRDA:63,213,0,0
BRDA:63,213,1,0
BRDA:63,214,0,0
BRDA:63,214,1,0
BRDA:63,215,0,0
BRDA:63,215,1,0
BRDA:63,216,0,0
BRDA:63,216,1,0
BRDA:63,217,0,0
BRDA:63,217,1,0
BRDA:64,218,0,0
BRDA:64,218,1,0
BRDA:64,219,0,0
BRDA:64,219,1,0
BRDA:64,220,0,0
BRDA:64,220,1,0
BRDA:64,221,0,0
BRDA:64,221,1,0
BRF:484
BRH:1
end_of_record
TN:
SF:assets/js/freewall/freewall.js
FN:4,(anonymous_1)
FN:7,(anonymous_2)
FN:11,(anonymous_3)
FN:37,(anonymous_4)
FN:38,(anonymous_5)
FN:39,(anonymous_6)
FN:40,(anonymous_7)
FN:41,(anonymous_8)
FN:42,(anonymous_9)
FN:43,(anonymous_10)
FN:44,(anonymous_11)
FN:45,(anonymous_12)
FN:46,(anonymous_13)
FN:51,(anonymous_14)
FN:168,(anonymous_15)
FN:206,(anonymous_16)
FN:224,action
FN:280,(anonymous_18)
FN:314,(anonymous_19)
FN:328,(anonymous_20)
FN:401,(anonymous_21)
FN:411,(anonymous_22)
FN:419,(anonymous_23)
FN:420,(anonymous_24)
FN:421,(anonymous_25)
FN:424,(anonymous_26)
FN:435,mouseDown
FN:460,mouseMove
FN:472,mouseUp
FN:484,(anonymous_30)
FN:485,(anonymous_31)
FN:496,(anonymous_32)
FN:515,(anonymous_33)
FN:548,(anonymous_34)
FN:576,(anonymous_35)
FN:596,fillMatrix
FN:747,Freewall
FN:808,setDraggable
FN:818,(anonymous_39)
FN:826,(anonymous_40)
FN:839,(anonymous_41)
FN:885,(anonymous_42)
FN:894,(anonymous_43)
FN:905,(anonymous_44)
FN:917,(anonymous_45)
FN:952,(anonymous_46)
FN:963,(anonymous_47)
FN:968,(anonymous_48)
FN:978,(anonymous_49)
FN:991,(anonymous_50)
FN:999,(anonymous_51)
FN:1010,(anonymous_52)
FN:1019,(anonymous_53)
FN:1028,(anonymous_54)
FN:1053,(anonymous_55)
FN:1070,(anonymous_56)
FN:1088,(anonymous_57)
FN:1103,(anonymous_58)
FN:1109,(anonymous_59)
FN:1117,(anonymous_60)
FN:1140,(anonymous_61)
FN:1157,(anonymous_62)
FN:1174,(anonymous_63)
FN:1182,(anonymous_64)
FN:1198,(anonymous_65)
FN:1201,(anonymous_66)
FN:1217,(anonymous_67)
FN:1233,(anonymous_68)
FN:1249,(anonymous_69)
FN:1260,(anonymous_70)
FNF:70
FNH:1
FNDA:1,(anonymous_1)
FNDA:0,(anonymous_2)
FNDA:0,(anonymous_3)
FNDA:0,(anonymous_4)
FNDA:0,(anonymous_5)
FNDA:0,(anonymous_6)
FNDA:0,(anonymous_7)
FNDA:0,(anonymous_8)
FNDA:0,(anonymous_9)
FNDA:0,(anonymous_10)
FNDA:0,(anonymous_11)
FNDA:0,(anonymous_12)
FNDA:0,(anonymous_13)
FNDA:0,(anonymous_14)
FNDA:0,(anonymous_15)
FNDA:0,(anonymous_16)
FNDA:0,action
FNDA:0,(anonymous_18)
FNDA:0,(anonymous_19)
FNDA:0,(anonymous_20)
FNDA:0,(anonymous_21)
FNDA:0,(anonymous_22)
FNDA:0,(anonymous_23)
FNDA:0,(anonymous_24)
FNDA:0,(anonymous_25)
FNDA:0,(anonymous_26)
FNDA:0,mouseDown
FNDA:0,mouseMove
FNDA:0,mouseUp
FNDA:0,(anonymous_30)
FNDA:0,(anonymous_31)
FNDA:0,(anonymous_32)
FNDA:0,(anonymous_33)
FNDA:0,(anonymous_34)
FNDA:0,(anonymous_35)
FNDA:0,fillMatrix
FNDA:0,Freewall
FNDA:0,setDraggable
FNDA:0,(anonymous_39)
FNDA:0,(anonymous_40)
FNDA:0,(anonymous_41)
FNDA:0,(anonymous_42)
FNDA:0,(anonymous_43)
FNDA:0,(anonymous_44)
FNDA:0,(anonymous_45)
FNDA:0,(anonymous_46)
FNDA:0,(anonymous_47)
FNDA:0,(anonymous_48)
FNDA:0,(anonymous_49)
FNDA:0,(anonymous_50)
FNDA:0,(anonymous_51)
FNDA:0,(anonymous_52)
FNDA:0,(anonymous_53)
FNDA:0,(anonymous_54)
FNDA:0,(anonymous_55)
FNDA:0,(anonymous_56)
FNDA:0,(anonymous_57)
FNDA:0,(anonymous_58)
FNDA:0,(anonymous_59)
FNDA:0,(anonymous_60)
FNDA:0,(anonymous_61)
FNDA:0,(anonymous_62)
FNDA:0,(anonymous_63)
FNDA:0,(anonymous_64)
FNDA:0,(anonymous_65)
FNDA:0,(anonymous_66)
FNDA:0,(anonymous_67)
FNDA:0,(anonymous_68)
FNDA:0,(anonymous_69)
FNDA:0,(anonymous_70)
DA:4,1
DA:7,1
DA:8,0
DA:11,1
DA:12,0
DA:15,1
DA:16,1
DA:18,1
DA:52,0
DA:53,0
DA:54,0
DA:55,0
DA:56,0
DA:57,0
DA:58,0
DA:59,0
DA:60,0
DA:61,0
DA:62,0
DA:65,0
DA:66,0
DA:69,0
DA:70,0
DA:73,0
DA:74,0
DA:75,0
DA:78,0
DA:79,0
DA:80,0
DA:81,0
DA:83,0
DA:84,0
DA:85,0
DA:87,0
DA:88,0
DA:91,0
DA:92,0
DA:95,0
DA:96,0
DA:97,0
DA:98,0
DA:99,0
DA:102,0
DA:103,0
DA:104,0
DA:105,0
DA:106,0
DA:110,0
DA:111,0
DA:115,0
DA:116,0
DA:119,0
DA:120,0
DA:122,0
DA:123,0
DA:125,0
DA:134,0
DA:135,0
DA:136,0
DA:137,0
DA:138,0
DA:139,0
DA:140,0
DA:141,0
DA:142,0
DA:149,0
DA:151,0
DA:158,0
DA:159,0
DA:161,0
DA:164,0
DA:166,0
DA:169,0
DA:170,0
DA:171,0
DA:172,0
DA:173,0
DA:174,0
DA:175,0
DA:176,0
DA:177,0
DA:179,0
DA:180,0
DA:182,0
DA:183,0
DA:186,0
DA:195,0
DA:196,0
DA:197,0
DA:198,0
DA:201,0
DA:204,0
DA:207,0
DA:208,0
DA:209,0
DA:210,0
DA:211,0
DA:212,0
DA:213,0
DA:215,0
DA:217,0
DA:220,0
DA:221,0
DA:222,0
DA:224,1
DA:226,0
DA:228,0
DA:229,0
DA:233,0
DA:235,0
DA:236,0
DA:237,0
DA:238,0
DA:239,0
DA:247,0
DA:248,0
DA:249,0
DA:252,0
DA:259,0
DA:264,0
DA:265,0
DA:269,0
DA:271,0
DA:273,0
DA:276,0
DA:278,0
DA:281,0
DA:282,0
DA:283,0
DA:284,0
DA:285,0
DA:286,0
DA:287,0
DA:288,0
DA:290,0
DA:291,0
DA:292,0
DA:301,0
DA:303,0
DA:304,0
DA:306,0
DA:307,0
DA:309,0
DA:310,0
DA:315,0
DA:316,0
DA:317,0
DA:318,0
DA:319,0
DA:320,0
DA:322,0
DA:323,0
DA:324,0
DA:325,0
DA:329,0
DA:330,0
DA:331,0
DA:332,0
DA:333,0
DA:335,0
DA:336,0
DA:337,0
DA:339,0
DA:340,0
DA:341,0
DA:343,0
DA:345,0
DA:348,0
DA:351,0
DA:352,0
DA:353,0
DA:356,0
DA:357,0
DA:358,0
DA:359,0
DA:360,0
DA:363,0
DA:365,0
DA:368,0
DA:371,0
DA:372,0
DA:373,0
DA:376,0
DA:377,0
DA:378,0
DA:379,0
DA:380,0
DA:383,0
DA:385,0
DA:386,0
DA:387,0
DA:388,0
DA:391,0
DA:393,0
DA:394,0
DA:395,0
DA:396,0
DA:399,0
DA:402,0
DA:403,0
DA:404,0
DA:405,0
DA:406,0
DA:407,0
DA:408,0
DA:409,0
DA:412,0
DA:413,0
DA:424,0
DA:425,0
DA:426,0
DA:427,0
DA:428,0
DA:429,0
DA:431,0
DA:432,0
DA:435,1
DA:436,0
DA:437,0
DA:439,0
DA:440,0
DA:441,0
DA:444,0
DA:445,0
DA:447,0
DA:448,0
DA:449,0
DA:450,0
DA:452,0
DA:453,0
DA:456,0
DA:460,1
DA:461,0
DA:462,0
DA:464,0
DA:469,0
DA:472,1
DA:473,0
DA:474,0
DA:476,0
DA:478,0
DA:479,0
DA:483,0
DA:485,0
DA:486,0
DA:490,0
DA:491,0
DA:492,0
DA:497,0
DA:498,0
DA:501,0
DA:502,0
DA:503,0
DA:504,0
DA:505,0
DA:506,0
DA:507,0
DA:508,0
DA:509,0
DA:510,0
DA:512,0
DA:516,0
DA:517,0
DA:518,0
DA:519,0
DA:520,0
DA:523,0
DA:524,0
DA:525,0
DA:526,0
DA:532,0
DA:533,0
DA:534,0
DA:535,0
DA:540,0
DA:549,0
DA:550,0
DA:551,0
DA:552,0
DA:553,0
DA:554,0
DA:555,0
DA:556,0
DA:558,0
DA:565,0
DA:567,0
DA:574,1
DA:577,0
DA:596,1
DA:597,0
DA:598,0
DA:599,0
DA:600,0
DA:602,0
DA:607,0
DA:608,0
DA:609,0
DA:614,0
DA:615,0
DA:616,0
DA:617,0
DA:619,0
DA:620,0
DA:621,0
DA:622,0
DA:623,0
DA:624,0
DA:627,0
DA:629,0
DA:630,0
DA:631,0
DA:632,0
DA:633,0
DA:634,0
DA:635,0
DA:636,0
DA:637,0
DA:638,0
DA:639,0
DA:640,0
DA:645,0
DA:646,0
DA:647,0
DA:650,0
DA:651,0
DA:652,0
DA:653,0
DA:654,0
DA:658,0
DA:660,0
DA:661,0
DA:662,0
DA:663,0
DA:664,0
DA:671,0
DA:673,0
DA:674,0
DA:675,0
DA:676,0
DA:677,0
DA:680,0
DA:682,0
DA:684,0
DA:688,0
DA:699,0
DA:701,0
DA:702,0
DA:705,0
DA:710,0
DA:711,0
DA:712,0
DA:713,0
DA:714,0
DA:716,0
DA:717,0
DA:718,0
DA:719,0
DA:722,0
DA:723,0
DA:724,0
DA:725,0
DA:727,0
DA:728,0
DA:729,0
DA:730,0
DA:733,0
DA:739,0
DA:740,0
DA:741,0
DA:747,1
DA:749,0
DA:750,0
DA:751,0
DA:753,0
DA:754,0
DA:756,0
DA:758,0
DA:759,0
DA:793,0
DA:794,0
DA:797,0
DA:798,0
DA:799,0
DA:808,1
DA:810,0
DA:811,0
DA:812,0
DA:813,0
DA:814,0
DA:815,0
DA:816,0
DA:819,0
DA:820,0
DA:822,0
DA:824,0
DA:827,0
DA:828,0
DA:829,0
DA:830,0
DA:831,0
DA:832,0
DA:833,0
DA:834,0
DA:835,0
DA:837,0
DA:840,0
DA:841,0
DA:842,0
DA:843,0
DA:844,0
DA:845,0
DA:846,0
DA:848,0
DA:849,0
DA:856,0
DA:857,0
DA:858,0
DA:859,0
DA:860,0
DA:861,0
DA:862,0
DA:867,0
DA:869,0
DA:875,0
DA:877,0
DA:883,0
DA:886,0
DA:887,0
DA:888,0
DA:889,0
DA:890,0
DA:891,0
DA:895,0
DA:896,0
DA:897,0
DA:899,0
DA:901,0
DA:902,0
DA:905,0
DA:906,0
DA:907,0
DA:908,0
DA:911,0
DA:913,0
DA:915,0
DA:917,0
DA:918,0
DA:919,0
DA:920,0
DA:953,0
DA:954,0
DA:955,0
DA:956,0
DA:958,0
DA:964,0
DA:968,0
DA:969,0
DA:970,0
DA:971,0
DA:972,0
DA:979,0
DA:980,0
DA:982,0
DA:983,0
DA:984,0
DA:985,0
DA:988,0
DA:992,0
DA:993,0
DA:994,0
DA:996,0
DA:1000,0
DA:1001,0
DA:1002,0
DA:1003,0
DA:1004,0
DA:1007,0
DA:1012,0
DA:1014,0
DA:1016,0
DA:1021,0
DA:1023,0
DA:1025,0
DA:1029,0
DA:1033,0
DA:1034,0
DA:1036,0
DA:1038,0
DA:1040,0
DA:1042,0
DA:1043,0
DA:1044,0
DA:1046,0
DA:1049,0
DA:1050,0
DA:1053,0
DA:1054,0
DA:1055,0
DA:1056,0
DA:1057,0
DA:1060,0
DA:1062,0
DA:1064,0
DA:1066,0
DA:1068,0
DA:1070,0
DA:1071,0
DA:1072,0
DA:1073,0
DA:1089,0
DA:1090,0
DA:1104,0
DA:1105,0
DA:1106,0
DA:1110,0
DA:1111,0
DA:1112,0
DA:1114,0
DA:1118,0
DA:1119,0
DA:1120,0
DA:1121,0
DA:1122,0
DA:1141,0
DA:1142,0
DA:1158,0
DA:1159,0
DA:1160,0
DA:1161,0
DA:1162,0
DA:1164,0
DA:1175,0
DA:1176,0
DA:1177,0
DA:1179,0
DA:1183,0
DA:1184,0
DA:1185,0
DA:1189,0
DA:1191,0
DA:1192,0
DA:1193,0
DA:1198,0
DA:1199,0
DA:1200,0
DA:1201,0
DA:1202,0
DA:1203,0
DA:1205,0
DA:1217,1
DA:1219,0
DA:1233,1
DA:1235,0
DA:1249,1
DA:1251,0
DA:1260,1
DA:1262,0
DA:1265,1
LF:558
LH:19
BRDA:7,1,0,1
BRDA:7,1,1,0
BRDA:8,2,0,0
BRDA:8,2,1,0
BRDA:11,3,0,1
BRDA:11,3,1,0
BRDA:12,4,0,0
BRDA:12,4,1,0
BRDA:65,5,0,0
BRDA:65,5,1,0
BRDA:69,6,0,0
BRDA:69,6,1,0
BRDA:69,7,0,0
BRDA:69,7,1,0
BRDA:73,8,0,0
BRDA:73,8,1,0
BRDA:74,9,0,0
BRDA:74,9,1,0
BRDA:75,10,0,0
BRDA:75,10,1,0
BRDA:78,11,0,0
BRDA:78,11,1,0
BRDA:79,12,0,0
BRDA:79,12,1,0
BRDA:83,13,0,0
BRDA:83,13,1,0
BRDA:91,14,0,0
BRDA:91,14,1,0
BRDA:92,15,0,0
BRDA:92,15,1,0
BRDA:95,16,0,0
BRDA:95,16,1,0
BRDA:95,17,0,0
BRDA:95,17,1,0
BRDA:99,18,0,0
BRDA:99,18,1,0
BRDA:102,19,0,0
BRDA:102,19,1,0
BRDA:102,20,0,0
BRDA:102,20,1,0
BRDA:106,21,0,0
BRDA:106,21,1,0
BRDA:110,22,0,0
BRDA:110,22,1,0
BRDA:110,23,0,0
BRDA:110,23,1,0
BRDA:110,23,2,0
BRDA:115,24,0,0
BRDA:115,24,1,0
BRDA:115,24,2,0
BRDA:116,25,0,0
BRDA:116,25,1,0
BRDA:116,25,2,0
BRDA:119,26,0,0
BRDA:119,26,1,0
BRDA:120,27,0,0
BRDA:120,27,1,0
BRDA:122,28,0,0
BRDA:122,28,1,0
BRDA:123,29,0,0
BRDA:123,29,1,0
BRDA:134,30,0,0
BRDA:134,30,1,0
BRDA:138,31,0,0
BRDA:138,31,1,0
BRDA:139,32,0,0
BRDA:139,32,1,0
BRDA:141,33,0,0
BRDA:141,33,1,0
BRDA:158,34,0,0
BRDA:158,34,1,0
BRDA:166,35,0,0
BRDA:166,35,1,0
BRDA:166,36,0,0
BRDA:166,36,1,0
BRDA:179,37,0,0
BRDA:179,37,1,0
BRDA:182,38,0,0
BRDA:182,38,1,0
BRDA:201,39,0,0
BRDA:201,39,1,0
BRDA:208,40,0,0
BRDA:208,40,1,0
BRDA:208,41,0,0
BRDA:208,41,1,0
BRDA:213,42,0,0
BRDA:213,42,1,0
BRDA:215,43,0,0
BRDA:215,43,1,0
BRDA:217,44,0,0
BRDA:217,44,1,0
BRDA:226,45,0,0
BRDA:226,45,1,0
BRDA:228,46,0,0
BRDA:228,46,1,0
BRDA:228,47,0,0
BRDA:228,47,1,0
BRDA:233,48,0,0
BRDA:233,48,1,0
BRDA:235,49,0,0
BRDA:235,49,1,0
BRDA:236,50,0,0
BRDA:236,50,1,0
BRDA:237,51,0,0
BRDA:237,51,1,0
BRDA:238,52,0,0
BRDA:238,52,1,0
BRDA:247,53,0,0
BRDA:247,53,1,0
BRDA:264,54,0,0
BRDA:264,54,1,0
BRDA:273,55,0,0
BRDA:273,55,1,0
BRDA:276,56,0,0
BRDA:276,56,1,0
BRDA:276,56,2,0
BRDA:278,57,0,0
BRDA:278,57,1,0
BRDA:282,58,0,0
BRDA:282,58,1,0
BRDA:283,59,0,0
BRDA:283,59,1,0
BRDA:284,60,0,0
BRDA:284,60,1,0
BRDA:285,61,0,0
BRDA:285,61,1,0
BRDA:286,62,0,0
BRDA:286,62,1,0
BRDA:287,63,0,0
BRDA:287,63,1,0
BRDA:290,64,0,0
BRDA:290,64,1,0
BRDA:301,65,0,0
BRDA:301,65,1,0
BRDA:301,65,2,0
BRDA:322,66,0,0
BRDA:322,66,1,0
BRDA:335,67,0,0
BRDA:335,67,1,0
BRDA:337,68,0,0
BRDA:337,68,1,0
BRDA:339,69,0,0
BRDA:339,69,1,0
BRDA:341,70,0,0
BRDA:341,70,1,0
BRDA:343,71,0,0
BRDA:343,71,1,0
BRDA:345,72,0,0
BRDA:345,72,1,0
BRDA:351,73,0,0
BRDA:351,73,1,0
BRDA:363,74,0,0
BRDA:363,74,1,0
BRDA:365,75,0,0
BRDA:365,75,1,0
BRDA:371,76,0,0
BRDA:371,76,1,0
BRDA:383,77,0,0
BRDA:383,77,1,0
BRDA:385,78,0,0
BRDA:385,78,1,0
BRDA:386,79,0,0
BRDA:386,79,1,0
BRDA:391,80,0,0
BRDA:391,80,1,0
BRDA:393,81,0,0
BRDA:393,81,1,0
BRDA:394,82,0,0
BRDA:394,82,1,0
BRDA:426,83,0,0
BRDA:426,83,1,0
BRDA:432,84,0,0
BRDA:432,84,1,0
BRDA:439,85,0,0
BRDA:439,85,1,0
BRDA:444,86,0,0
BRDA:444,86,1,0
BRDA:444,87,0,0
BRDA:444,87,1,0
BRDA:449,88,0,0
BRDA:449,88,1,0
BRDA:450,89,0,0
BRDA:450,89,1,0
BRDA:462,90,0,0
BRDA:462,90,1,0
BRDA:474,91,0,0
BRDA:474,91,1,0
BRDA:501,92,0,0
BRDA:501,92,1,0
BRDA:501,93,0,0
BRDA:501,93,1,0
BRDA:503,94,0,0
BRDA:503,94,1,0
BRDA:505,95,0,0
BRDA:505,95,1,0
BRDA:507,96,0,0
BRDA:507,96,1,0
BRDA:509,97,0,0
BRDA:509,97,1,0
BRDA:525,98,0,0
BRDA:525,98,1,0
BRDA:526,99,0,0
BRDA:526,99,1,0
BRDA:526,99,2,0
BRDA:534,100,0,0
BRDA:534,100,1,0
BRDA:535,101,0,0
BRDA:535,101,1,0
BRDA:535,101,2,0
BRDA:565,102,0,0
BRDA:565,102,1,0
BRDA:567,103,0,0
BRDA:567,103,1,0
BRDA:591,104,0,0
BRDA:591,104,1,0
BRDA:600,105,0,0
BRDA:600,105,1,0
BRDA:602,106,0,0
BRDA:602,106,1,0
BRDA:608,107,0,0
BRDA:608,107,1,0
BRDA:609,108,0,0
BRDA:609,108,1,0
BRDA:615,109,0,0
BRDA:615,109,1,0
BRDA:616,110,0,0
BRDA:616,110,1,0
BRDA:620,111,0,0
BRDA:620,111,1,0
BRDA:622,112,0,0
BRDA:622,112,1,0
BRDA:623,113,0,0
BRDA:623,113,1,0
BRDA:627,114,0,0
BRDA:627,114,1,0
BRDA:629,115,0,0
BRDA:629,115,1,0
BRDA:629,116,0,0
BRDA:629,116,1,0
BRDA:629,116,2,0
BRDA:635,117,0,0
BRDA:635,117,1,0
BRDA:635,118,0,0
BRDA:635,118,1,0
BRDA:635,118,2,0
BRDA:645,119,0,0
BRDA:645,119,1,0
BRDA:651,120,0,0
BRDA:651,120,1,0
BRDA:652,121,0,0
BRDA:652,121,1,0
BRDA:658,122,0,0
BRDA:658,122,1,0
BRDA:658,123,0,0
BRDA:658,123,1,0
BRDA:661,124,0,0
BRDA:661,124,1,0
BRDA:671,125,0,0
BRDA:671,125,1,0
BRDA:673,126,0,0
BRDA:673,126,1,0
BRDA:674,127,0,0
BRDA:674,127,1,0
BRDA:676,128,0,0
BRDA:676,128,1,0
BRDA:710,129,0,0
BRDA:710,129,1,0
BRDA:750,130,0,0
BRDA:750,130,1,0
BRDA:798,131,0,0
BRDA:798,131,1,0
BRDA:799,132,0,0
BRDA:799,132,1,0
BRDA:799,132,2,0
BRDA:799,132,3,0
BRDA:799,132,4,0
BRDA:799,132,5,0
BRDA:819,133,0,0
BRDA:819,133,1,0
BRDA:819,134,0,0
BRDA:819,134,1,0
BRDA:861,135,0,0
BRDA:861,135,1,0
BRDA:861,136,0,0
BRDA:861,136,1,0
BRDA:888,137,0,0
BRDA:888,137,1,0
BRDA:899,138,0,0
BRDA:899,138,1,0
BRDA:901,139,0,0
BRDA:901,139,1,0
BRDA:908,140,0,0
BRDA:908,140,1,0
BRDA:919,141,0,0
BRDA:919,141,1,0
BRDA:919,142,0,0
BRDA:919,142,1,0
BRDA:970,143,0,0
BRDA:970,143,1,0
BRDA:971,144,0,0
BRDA:971,144,1,0
BRDA:979,145,0,0
BRDA:979,145,1,0
BRDA:993,146,0,0
BRDA:993,146,1,0
BRDA:1002,147,0,0
BRDA:1002,147,1,0
BRDA:1002,148,0,0
BRDA:1002,148,1,0
BRDA:1012,149,0,0
BRDA:1012,149,1,0
BRDA:1012,150,0,0
BRDA:1012,150,1,0
BRDA:1021,151,0,0
BRDA:1021,151,1,0
BRDA:1021,152,0,0
BRDA:1021,152,1,0
BRDA:1033,153,0,0
BRDA:1033,153,1,0
BRDA:1033,154,0,0
BRDA:1033,154,1,0
BRDA:1034,155,0,0
BRDA:1034,155,1,0
BRDA:1034,156,0,0
BRDA:1034,156,1,0
BRDA:1042,157,0,0
BRDA:1042,157,1,0
BRDA:1049,158,0,0
BRDA:1049,158,1,0
BRDA:1057,159,0,0
BRDA:1057,159,1,0
BRDA:1057,159,2,0
BRDA:1072,160,0,0
BRDA:1072,160,1,0
BRDA:1072,161,0,0
BRDA:1072,161,1,0
BRDA:1104,162,0,0
BRDA:1104,162,1,0
BRDA:1105,163,0,0
BRDA:1105,163,1,0
BRDA:1111,164,0,0
BRDA:1111,164,1,0
BRDA:1118,165,0,0
BRDA:1118,165,1,0
BRDA:1120,166,0,0
BRDA:1120,166,1,0
BRDA:1176,167,0,0
BRDA:1176,167,1,0
BRDA:1192,168,0,0
BRDA:1192,168,1,0
BRDA:1199,169,0,0
BRDA:1199,169,1,0
BRDA:1267,170,0,1
BRDA:1267,170,1,1
BRF:354
BRH:4
end_of_record
TN:
SF:assets/js/gallery.js
FN:1,(anonymous_1)
FN:7,(anonymous_2)
FN:13,(anonymous_3)
FN:29,(anonymous_4)
FN:35,fix_dimensions
FN:47,(anonymous_6)
FN:66,fix_caption
FN:73,(anonymous_8)
FNF:8
FNH:0
FNDA:0,(anonymous_1)
FNDA:0,(anonymous_2)
FNDA:0,(anonymous_3)
FNDA:0,(anonymous_4)
FNDA:0,fix_dimensions
FNDA:0,(anonymous_6)
FNDA:0,fix_caption
FNDA:0,(anonymous_8)
DA:1,1
DA:3,0
DA:7,0
DA:8,0
DA:9,0
DA:12,0
DA:13,0
DA:14,0
DA:15,0
DA:18,0
DA:19,0
DA:20,0
DA:24,0
DA:26,0
DA:27,0
DA:28,0
DA:29,0
DA:30,0
DA:35,1
DA:36,0
DA:37,0
DA:38,0
DA:39,0
DA:40,0
DA:41,0
DA:43,0
DA:46,0
DA:47,0
DA:48,0
DA:49,0
DA:50,0
DA:51,0
DA:52,0
DA:53,0
DA:55,0
DA:60,0
DA:61,0
DA:62,0
DA:66,1
DA:67,0
DA:68,0
DA:69,0
DA:73,0
DA:74,0
LF:44
LH:3
BRDA:18,1,0,0
BRDA:18,1,1,0
BRDA:26,2,0,0
BRDA:26,2,1,0
BRDA:26,3,0,0
BRDA:26,3,1,0
BRDA:36,4,0,0
BRDA:36,4,1,0
BRDA:39,5,0,0
BRDA:39,5,1,0
BRDA:49,6,0,0
BRDA:49,6,1,0
BRDA:51,7,0,0
BRDA:51,7,1,0
BRDA:53,8,0,0
BRDA:53,8,1,0
BRDA:55,9,0,0
BRDA:55,9,1,0
BRDA:60,10,0,0
BRDA:60,10,1,0
BRDA:68,11,0,0
BRDA:68,11,1,0
BRDA:68,12,0,0
BRDA:68,12,1,0
BRDA:68,12,2,0
BRF:25
BRH:0
end_of_record
TN:
SF:assets/js/item_gallery.js
FN:1,(anonymous_1)
FN:6,(anonymous_2)
FN:24,(anonymous_3)
FN:47,reset_pagination
FNF:4
FNH:0
FNDA:0,(anonymous_1)
FNDA:0,(anonymous_2)
FNDA:0,(anonymous_3)
FNDA:0,reset_pagination
DA:1,1
DA:2,0
DA:5,0
DA:6,0
DA:7,0
DA:8,0
DA:11,0
DA:12,0
DA:13,0
DA:17,0
DA:19,0
DA:20,0
DA:21,0
DA:24,0
DA:25,0
DA:26,0
DA:27,0
DA:28,0
DA:29,0
DA:30,0
DA:31,0
DA:32,0
DA:33,0
DA:34,0
DA:35,0
DA:36,0
DA:37,0
DA:38,0
DA:40,0
DA:41,0
DA:42,0
DA:43,0
DA:44,0
DA:47,1
DA:48,0
DA:49,0
DA:50,0
DA:51,0
DA:52,0
DA:54,0
DA:55,0
DA:57,0
DA:58,0
DA:59,0
DA:61,0
DA:62,0
LF:46
LH:2
BRDA:11,1,0,0
BRDA:11,1,1,0
BRDA:19,2,0,0
BRDA:19,2,1,0
BRDA:19,3,0,0
BRDA:19,3,1,0
BRDA:25,4,0,0
BRDA:25,4,1,0
BRDA:32,5,0,0
BRDA:32,5,1,0
BRDA:50,6,0,0
BRDA:50,6,1,0
BRDA:57,7,0,0
BRDA:57,7,1,0
BRF:14
BRH:0
end_of_record
TN:
SF:assets/js/item_meta_helper.js
FN:1,(anonymous_1)
FN:2,assoc_checked
FN:13,(anonymous_3)
FN:16,(anonymous_4)
FN:20,(anonymous_5)
FNF:5
FNH:0
FNDA:0,(anonymous_1)
FNDA:0,assoc_checked
FNDA:0,(anonymous_3)
FNDA:0,(anonymous_4)
FNDA:0,(anonymous_5)
DA:1,1
DA:2,1
DA:3,0
DA:4,0
DA:6,0
DA:10,0
DA:11,0
DA:13,0
DA:14,0
DA:16,0
DA:17,0
DA:20,0
DA:21,0
DA:22,0
DA:24,0
DA:28,0
DA:29,0
LF:17
LH:2
BRDA:3,1,0,0
BRDA:3,1,1,0
BRDA:21,2,0,0
BRDA:21,2,1,0
BRF:4
BRH:0
end_of_record
TN:
SF:assets/js/jwplayer/jwplayer.html5.js
FN:1,(anonymous_1)
FN:2,(anonymous_2)
FN:2,(anonymous_3)
FN:2,(anonymous_4)
FN:2,(anonymous_5)
FN:3,(anonymous_6)
FN:4,(anonymous_7)
FN:4,h
FN:4,a
FN:5,c
FN:5,(anonymous_11)
FN:6,(anonymous_12)
FN:6,(anonymous_13)
FN:6,(anonymous_14)
FN:7,(anonymous_15)
FN:7,(anonymous_16)
FN:7,(anonymous_17)
FN:8,(anonymous_18)
FN:8,(anonymous_19)
FN:8,(anonymous_20)
FN:8,(anonymous_21)
FN:10,(anonymous_22)
FN:10,(anonymous_23)
FN:10,(anonymous_24)
FN:12,(anonymous_25)
FN:12,(anonymous_26)
FN:12,(anonymous_27)
FN:14,(anonymous_28)
FN:14,(anonymous_29)
FN:14,(anonymous_30)
FN:16,(anonymous_31)
FN:16,(anonymous_32)
FN:16,n
FN:16,g
FN:17,j
FN:17,q
FN:17,C
FN:18,w
FN:19,t
FN:19,(anonymous_40)
FN:20,(anonymous_41)
FN:21,(anonymous_42)
FN:21,(anonymous_43)
FN:21,(anonymous_44)
FN:24,(anonymous_45)
FN:24,(anonymous_46)
FN:24,m
FN:24,r
FN:24,n
FN:24,z
FN:24,(anonymous_51)
FN:25,j
FN:25,q
FN:25,C
FN:25,w
FN:26,t
FN:26,D
FN:26,v
FN:27,(anonymous_59)
FN:27,(anonymous_60)
FN:27,(anonymous_61)
FN:27,(anonymous_62)
FN:28,(anonymous_63)
FN:28,(anonymous_64)
FN:29,(anonymous_65)
FN:29,(anonymous_66)
FN:30,(anonymous_67)
FN:30,(anonymous_68)
FN:31,(anonymous_69)
FN:31,(anonymous_70)
FN:31,b
FN:31,d
FN:32,f
FN:32,u
FN:33,(anonymous_75)
FN:33,(anonymous_76)
FN:33,(anonymous_77)
FN:33,(anonymous_78)
FN:33,(anonymous_79)
FN:36,(anonymous_80)
FN:36,(anonymous_81)
FN:36,s
FN:36,A
FN:37,K
FN:37,I
FN:37,G
FN:38,H
FN:38,P
FN:38,Q
FN:39,M
FN:39,y
FN:39,R
FN:40,T
FN:40,(anonymous_94)
FN:40,ca
FN:40,(anonymous_96)
FN:41,ba
FN:41,S
FN:41,(anonymous_99)
FN:41,aa
FN:41,Y
FN:41,qa
FN:42,da
FN:42,Ra
FN:42,ha
FN:42,kb
FN:42,Ia
FN:42,(anonymous_108)
FN:42,Ya
FN:42,Sa
FN:43,Ta
FN:43,Na
FN:43,U
FN:44,L
FN:44,(anonymous_115)
FN:44,O
FN:45,za
FN:45,ua
FN:45,Za
FN:45,Oa
FN:45,(anonymous_121)
FN:46,Aa
FN:46,(anonymous_123)
FN:46,nb
FN:46,ja
FN:46,ra
FN:47,eb
FN:47,(anonymous_128)
FN:47,(anonymous_129)
FN:47,(anonymous_130)
FN:48,Va
FN:56,sa
FN:56,Pa
FN:56,Ca
FN:57,Ja
FN:57,Ba
FN:57,V
FN:58,X
FN:58,N
FN:58,ea
FN:58,fb
FN:60,(anonymous_142)
FN:60,(anonymous_143)
FN:60,(anonymous_144)
FN:60,(anonymous_145)
FN:60,(anonymous_146)
FN:60,(anonymous_147)
FN:60,(anonymous_148)
FN:60,(anonymous_149)
FN:61,(anonymous_150)
FN:62,(anonymous_151)
FN:62,(anonymous_152)
FN:62,(anonymous_153)
FN:62,(anonymous_154)
FN:62,(anonymous_155)
FN:62,(anonymous_156)
FN:62,(anonymous_157)
FN:63,(anonymous_158)
FN:63,(anonymous_159)
FN:63,(anonymous_160)
FN:64,(anonymous_161)
FN:64,(anonymous_162)
FN:64,(anonymous_163)
FN:64,(anonymous_164)
FN:64,(anonymous_165)
FN:64,(anonymous_166)
FN:66,(anonymous_167)
FN:67,(anonymous_168)
FN:67,(anonymous_169)
FN:67,(anonymous_170)
FN:68,(anonymous_171)
FN:68,(anonymous_172)
FN:69,(anonymous_173)
FN:69,(anonymous_174)
FN:70,(anonymous_175)
FN:70,(anonymous_176)
FN:70,(anonymous_177)
FN:75,(anonymous_178)
FN:75,(anonymous_179)
FN:75,l
FN:75,m
FN:75,r
FN:75,(anonymous_183)
FN:75,(anonymous_184)
FN:76,n
FN:76,z
FN:76,j
FN:77,q
FN:77,C
FN:77,w
FN:77,(anonymous_191)
FN:77,t
FN:77,(anonymous_193)
FN:78,D
FN:78,(anonymous_195)
FN:78,(anonymous_196)
FN:78,(anonymous_197)
FN:78,(anonymous_198)
FN:79,(anonymous_199)
FN:79,(anonymous_200)
FN:79,(anonymous_201)
FN:79,(anonymous_202)
FN:79,(anonymous_203)
FN:79,(anonymous_204)
FN:79,(anonymous_205)
FN:80,(anonymous_206)
FN:80,(anonymous_207)
FN:80,(anonymous_208)
FN:81,(anonymous_209)
FN:81,(anonymous_210)
FN:81,(anonymous_211)
FN:82,(anonymous_212)
FN:82,(anonymous_213)
FN:84,(anonymous_214)
FN:84,(anonymous_215)
FN:84,z
FN:85,j
FN:85,q
FN:86,C
FN:86,(anonymous_220)
FN:86,w
FN:87,t
FN:87,D
FN:87,v
FN:87,x
FN:88,(anonymous_226)
FN:88,(anonymous_227)
FN:88,(anonymous_228)
FN:88,(anonymous_229)
FN:88,(anonymous_230)
FN:88,(anonymous_231)
FN:89,(anonymous_232)
FN:89,(anonymous_233)
FN:89,(anonymous_234)
FN:90,(anonymous_235)
FN:90,(anonymous_236)
FN:93,(anonymous_237)
FN:93,(anonymous_238)
FN:93,m
FN:93,r
FN:94,n
FN:94,z
FN:94,j
FN:95,q
FN:95,(anonymous_245)
FN:95,(anonymous_246)
FN:96,(anonymous_247)
FN:96,(anonymous_248)
FN:96,(anonymous_249)
FN:96,(anonymous_250)
FN:100,(anonymous_251)
FN:100,(anonymous_252)
FN:100,r
FN:100,n
FN:100,z
FN:100,j
FN:100,q
FN:101,C
FN:101,(anonymous_259)
FN:101,(anonymous_260)
FN:101,(anonymous_261)
FN:101,(anonymous_262)
FN:101,(anonymous_263)
FN:101,(anonymous_264)
FN:102,(anonymous_265)
FN:102,(anonymous_266)
FN:102,(anonymous_267)
FN:102,(anonymous_268)
FN:102,(anonymous_269)
FN:103,(anonymous_270)
FN:103,(anonymous_271)
FN:104,(anonymous_272)
FN:104,(anonymous_273)
FN:104,(anonymous_274)
FN:104,(anonymous_275)
FN:105,(anonymous_276)
FN:108,(anonymous_277)
FN:108,(anonymous_278)
FN:108,m
FN:108,r
FN:108,n
FN:108,z
FN:108,j
FN:108,(anonymous_284)
FN:109,(anonymous_285)
FN:109,q
FN:109,C
FN:109,w
FN:110,(anonymous_289)
FN:110,(anonymous_290)
FN:111,(anonymous_291)
FN:112,(anonymous_292)
FN:114,(anonymous_293)
FN:114,(anonymous_294)
FN:115,(anonymous_295)
FN:115,(anonymous_296)
FN:116,(anonymous_297)
FN:116,(anonymous_298)
FN:116,(anonymous_299)
FN:116,(anonymous_300)
FN:116,(anonymous_301)
FN:116,(anonymous_302)
FN:116,(anonymous_303)
FN:116,(anonymous_304)
FN:117,(anonymous_305)
FN:117,(anonymous_306)
FN:117,(anonymous_307)
FN:117,(anonymous_308)
FN:117,(anonymous_309)
FN:118,(anonymous_310)
FN:118,(anonymous_311)
FN:118,(anonymous_312)
FN:118,(anonymous_313)
FN:118,(anonymous_314)
FN:118,(anonymous_315)
FN:118,(anonymous_316)
FN:118,(anonymous_317)
FN:118,(anonymous_318)
FN:118,(anonymous_319)
FN:119,(anonymous_320)
FN:119,(anonymous_321)
FN:119,(anonymous_322)
FN:120,(anonymous_323)
FN:120,(anonymous_324)
FN:120,f
FN:120,(anonymous_326)
FN:120,(anonymous_327)
FN:120,(anonymous_328)
FN:120,(anonymous_329)
FN:121,(anonymous_330)
FN:121,(anonymous_331)
FN:121,(anonymous_332)
FN:124,(anonymous_333)
FN:124,(anonymous_334)
FN:124,g
FN:124,l
FN:124,(anonymous_337)
FN:124,m
FN:124,r
FN:125,(anonymous_340)
FN:125,(anonymous_341)
FN:125,(anonymous_342)
FN:125,(anonymous_343)
FN:128,(anonymous_344)
FN:128,(anonymous_345)
FN:128,b
FN:129,(anonymous_347)
FN:129,(anonymous_348)
FN:129,(anonymous_349)
FN:130,(anonymous_350)
FN:130,(anonymous_351)
FN:130,(anonymous_352)
FN:131,(anonymous_353)
FN:131,(anonymous_354)
FN:131,(anonymous_355)
FN:131,(anonymous_356)
FN:133,(anonymous_357)
FN:133,(anonymous_358)
FN:133,z
FN:133,j
FN:133,q
FN:134,C
FN:134,w
FN:135,(anonymous_364)
FN:135,(anonymous_365)
FN:135,(anonymous_366)
FN:135,(anonymous_367)
FN:136,(anonymous_368)
FN:136,(anonymous_369)
FN:136,(anonymous_370)
FN:136,(anonymous_371)
FN:139,(anonymous_372)
FN:139,(anonymous_373)
FN:139,e
FN:139,(anonymous_375)
FN:139,(anonymous_376)
FN:139,(anonymous_377)
FN:140,b
FN:140,(anonymous_379)
FN:140,(anonymous_380)
FN:142,(anonymous_381)
FN:142,(anonymous_382)
FN:142,(anonymous_383)
FN:143,(anonymous_384)
FN:143,(anonymous_385)
FN:143,(anonymous_386)
FN:143,(anonymous_387)
FN:143,(anonymous_388)
FN:143,(anonymous_389)
FN:143,(anonymous_390)
FN:144,(anonymous_391)
FN:144,(anonymous_392)
FN:144,(anonymous_393)
FN:144,(anonymous_394)
FN:144,(anonymous_395)
FN:144,(anonymous_396)
FN:144,(anonymous_397)
FN:145,(anonymous_398)
FN:145,(anonymous_399)
FN:146,(anonymous_400)
FN:146,(anonymous_401)
FN:146,l
FN:146,m
FN:146,r
FN:146,(anonymous_405)
FN:147,(anonymous_406)
FN:147,(anonymous_407)
FN:147,(anonymous_408)
FN:147,(anonymous_409)
FN:148,(anonymous_410)
FN:151,(anonymous_411)
FN:153,(anonymous_412)
FN:154,(anonymous_413)
FN:156,(anonymous_414)
FN:156,h
FN:156,(anonymous_416)
FN:156,n
FN:156,z
FN:156,j
FN:157,q
FN:157,C
FN:157,(anonymous_422)
FN:157,w
FN:157,t
FN:158,D
FN:158,(anonymous_426)
FN:158,(anonymous_427)
FN:158,(anonymous_428)
FN:158,v
FN:158,(anonymous_430)
FN:158,(anonymous_431)
FN:159,(anonymous_432)
FN:159,(anonymous_433)
FN:159,(anonymous_434)
FN:163,(anonymous_435)
FN:163,(anonymous_436)
FN:163,f
FN:163,u
FN:163,(anonymous_439)
FN:163,(anonymous_440)
FN:164,(anonymous_441)
FN:164,(anonymous_442)
FN:164,(anonymous_443)
FN:165,(anonymous_444)
FN:168,(anonymous_445)
FN:168,(anonymous_446)
FN:168,l
FN:168,m
FN:168,r
FN:168,n
FN:168,z
FN:168,j
FN:169,(anonymous_453)
FN:169,(anonymous_454)
FN:169,(anonymous_455)
FN:170,(anonymous_456)
FN:170,(anonymous_457)
FN:170,(anonymous_458)
FN:170,(anonymous_459)
FN:171,(anonymous_460)
FN:171,(anonymous_461)
FN:171,(anonymous_462)
FN:171,(anonymous_463)
FN:171,(anonymous_464)
FN:171,(anonymous_465)
FN:171,(anonymous_466)
FN:171,(anonymous_467)
FN:173,(anonymous_468)
FN:173,(anonymous_469)
FN:173,f
FN:173,(anonymous_471)
FN:173,(anonymous_472)
FN:173,u
FN:173,l
FN:175,m
FN:175,(anonymous_476)
FN:175,(anonymous_477)
FN:176,(anonymous_478)
FN:176,r
FN:176,(anonymous_480)
FN:177,(anonymous_481)
FN:177,n
FN:178,(anonymous_483)
FN:178,(anonymous_484)
FN:178,b
FN:178,d
FN:178,f
FN:179,(anonymous_488)
FN:179,(anonymous_489)
FN:179,(anonymous_490)
FN:180,(anonymous_491)
FN:181,(anonymous_492)
FN:181,(anonymous_493)
FN:181,f
FN:181,g
FN:181,l
FN:181,m
FN:181,r
FN:181,(anonymous_499)
FN:182,n
FN:182,z
FN:182,j
FN:182,q
FN:182,C
FN:183,w
FN:183,t
FN:183,(anonymous_507)
FN:184,(anonymous_508)
FN:184,(anonymous_509)
FN:184,(anonymous_510)
FN:184,(anonymous_511)
FN:185,(anonymous_512)
FN:186,(anonymous_513)
FN:186,(anonymous_514)
FN:186,(anonymous_515)
FN:186,(anonymous_516)
FN:186,(anonymous_517)
FN:186,(anonymous_518)
FN:186,(anonymous_519)
FN:187,(anonymous_520)
FN:187,(anonymous_521)
FN:187,(anonymous_522)
FN:187,(anonymous_523)
FN:187,(anonymous_524)
FN:187,(anonymous_525)
FN:188,(anonymous_526)
FN:188,(anonymous_527)
FN:188,(anonymous_528)
FN:188,(anonymous_529)
FN:188,(anonymous_530)
FN:188,(anonymous_531)
FN:189,(anonymous_532)
FN:189,(anonymous_533)
FN:189,(anonymous_534)
FN:190,(anonymous_535)
FN:190,(anonymous_536)
FN:190,x
FN:191,p
FN:191,k
FN:191,B
FN:191,F
FN:191,s
FN:191,A
FN:191,K
FN:191,I
FN:192,G
FN:192,(anonymous_547)
FN:193,H
FN:193,P
FN:194,Q
FN:194,M
FN:194,y
FN:195,R
FN:195,T
FN:195,ca
FN:195,ba
FN:195,S
FN:195,aa
FN:195,Y
FN:196,qa
FN:196,da
FN:196,Ra
FN:196,ha
FN:196,kb
FN:196,Ia
FN:196,(anonymous_566)
FN:196,Ya
FN:196,Sa
FN:197,Ta
FN:197,Na
FN:198,(anonymous_571)
FN:198,(anonymous_572)
FN:198,(anonymous_573)
FN:198,(anonymous_574)
FN:199,(anonymous_575)
FN:202,(anonymous_576)
FN:204,(anonymous_577)
FN:204,(anonymous_578)
FN:205,(anonymous_579)
FN:206,(anonymous_580)
FN:206,(anonymous_581)
FN:206,(anonymous_582)
FN:206,(anonymous_583)
FN:206,(anonymous_584)
FN:207,(anonymous_585)
FN:207,(anonymous_586)
FN:207,(anonymous_587)
FN:207,(anonymous_588)
FN:207,(anonymous_589)
FN:207,(anonymous_590)
FN:208,(anonymous_591)
FN:213,(anonymous_592)
FN:214,(anonymous_593)
FN:214,(anonymous_594)
FN:214,(anonymous_595)
FN:214,(anonymous_596)
FN:214,(anonymous_597)
FN:214,(anonymous_598)
FN:214,(anonymous_599)
FN:215,(anonymous_600)
FN:215,(anonymous_601)
FN:216,(anonymous_602)
FN:216,(anonymous_603)
FNF:603
FNH:41
FNDA:1,(anonymous_1)
FNDA:1,(anonymous_2)
FNDA:0,(anonymous_3)
FNDA:0,(anonymous_4)
FNDA:0,(anonymous_5)
FNDA:0,(anonymous_6)
FNDA:1,(anonymous_7)
FNDA:323,h
FNDA:0,a
FNDA:93,c
FNDA:93,(anonymous_11)
FNDA:0,(anonymous_12)
FNDA:0,(anonymous_13)
FNDA:0,(anonymous_14)
FNDA:0,(anonymous_15)
FNDA:0,(anonymous_16)
FNDA:2,(anonymous_17)
FNDA:9,(anonymous_18)
FNDA:0,(anonymous_19)
FNDA:0,(anonymous_20)
FNDA:0,(anonymous_21)
FNDA:1,(anonymous_22)
FNDA:0,(anonymous_23)
FNDA:0,(anonymous_24)
FNDA:1,(anonymous_25)
FNDA:0,(anonymous_26)
FNDA:0,(anonymous_27)
FNDA:1,(anonymous_28)
FNDA:0,(anonymous_29)
FNDA:0,(anonymous_30)
FNDA:1,(anonymous_31)
FNDA:0,(anonymous_32)
FNDA:0,n
FNDA:0,g
FNDA:0,j
FNDA:0,q
FNDA:0,C
FNDA:0,w
FNDA:0,t
FNDA:0,(anonymous_40)
FNDA:0,(anonymous_41)
FNDA:0,(anonymous_42)
FNDA:0,(anonymous_43)
FNDA:0,(anonymous_44)
FNDA:1,(anonymous_45)
FNDA:0,(anonymous_46)
FNDA:0,m
FNDA:0,r
FNDA:0,n
FNDA:0,z
FNDA:0,(anonymous_51)
FNDA:0,j
FNDA:0,q
FNDA:0,C
FNDA:0,w
FNDA:0,t
FNDA:0,D
FNDA:0,v
FNDA:0,(anonymous_59)
FNDA:0,(anonymous_60)
FNDA:0,(anonymous_61)
FNDA:0,(anonymous_62)
FNDA:0,(anonymous_63)
FNDA:0,(anonymous_64)
FNDA:0,(anonymous_65)
FNDA:0,(anonymous_66)
FNDA:0,(anonymous_67)
FNDA:0,(anonymous_68)
FNDA:1,(anonymous_69)
FNDA:0,(anonymous_70)
FNDA:0,b
FNDA:0,d
FNDA:0,f
FNDA:0,u
FNDA:0,(anonymous_75)
FNDA:0,(anonymous_76)
FNDA:0,(anonymous_77)
FNDA:0,(anonymous_78)
FNDA:0,(anonymous_79)
FNDA:1,(anonymous_80)
FNDA:0,(anonymous_81)
FNDA:0,s
FNDA:0,A
FNDA:0,K
FNDA:0,I
FNDA:0,G
FNDA:0,H
FNDA:0,P
FNDA:0,Q
FNDA:0,M
FNDA:0,y
FNDA:0,R
FNDA:0,T
FNDA:0,(anonymous_94)
FNDA:0,ca
FNDA:0,(anonymous_96)
FNDA:0,ba
FNDA:0,S
FNDA:0,(anonymous_99)
FNDA:0,aa
FNDA:0,Y
FNDA:0,qa
FNDA:0,da
FNDA:0,Ra
FNDA:0,ha
FNDA:0,kb
FNDA:0,Ia
FNDA:0,(anonymous_108)
FNDA:0,Ya
FNDA:0,Sa
FNDA:0,Ta
FNDA:0,Na
FNDA:0,U
FNDA:0,L
FNDA:0,(anonymous_115)
FNDA:0,O
FNDA:0,za
FNDA:0,ua
FNDA:0,Za
FNDA:0,Oa
FNDA:0,(anonymous_121)
FNDA:0,Aa
FNDA:0,(anonymous_123)
FNDA:0,nb
FNDA:0,ja
FNDA:0,ra
FNDA:0,eb
FNDA:0,(anonymous_128)
FNDA:0,(anonymous_129)
FNDA:0,(anonymous_130)
FNDA:0,Va
FNDA:0,sa
FNDA:0,Pa
FNDA:0,Ca
FNDA:0,Ja
FNDA:0,Ba
FNDA:0,V
FNDA:0,X
FNDA:0,N
FNDA:0,ea
FNDA:0,fb
FNDA:0,(anonymous_142)
FNDA:0,(anonymous_143)
FNDA:0,(anonymous_144)
FNDA:0,(anonymous_145)
FNDA:0,(anonymous_146)
FNDA:0,(anonymous_147)
FNDA:0,(anonymous_148)
FNDA:0,(anonymous_149)
FNDA:0,(anonymous_150)
FNDA:0,(anonymous_151)
FNDA:0,(anonymous_152)
FNDA:0,(anonymous_153)
FNDA:0,(anonymous_154)
FNDA:0,(anonymous_155)
FNDA:0,(anonymous_156)
FNDA:0,(anonymous_157)
FNDA:0,(anonymous_158)
FNDA:0,(anonymous_159)
FNDA:0,(anonymous_160)
FNDA:0,(anonymous_161)
FNDA:0,(anonymous_162)
FNDA:0,(anonymous_163)
FNDA:0,(anonymous_164)
FNDA:0,(anonymous_165)
FNDA:0,(anonymous_166)
FNDA:0,(anonymous_167)
FNDA:0,(anonymous_168)
FNDA:0,(anonymous_169)
FNDA:0,(anonymous_170)
FNDA:0,(anonymous_171)
FNDA:0,(anonymous_172)
FNDA:0,(anonymous_173)
FNDA:0,(anonymous_174)
FNDA:0,(anonymous_175)
FNDA:0,(anonymous_176)
FNDA:0,(anonymous_177)
FNDA:1,(anonymous_178)
FNDA:0,(anonymous_179)
FNDA:0,l
FNDA:0,m
FNDA:0,r
FNDA:0,(anonymous_183)
FNDA:0,(anonymous_184)
FNDA:0,n
FNDA:0,z
FNDA:0,j
FNDA:0,q
FNDA:0,C
FNDA:0,w
FNDA:0,(anonymous_191)
FNDA:0,t
FNDA:0,(anonymous_193)
FNDA:0,D
FNDA:0,(anonymous_195)
FNDA:0,(anonymous_196)
FNDA:0,(anonymous_197)
FNDA:0,(anonymous_198)
FNDA:0,(anonymous_199)
FNDA:0,(anonymous_200)
FNDA:0,(anonymous_201)
FNDA:0,(anonymous_202)
FNDA:0,(anonymous_203)
FNDA:0,(anonymous_204)
FNDA:0,(anonymous_205)
FNDA:0,(anonymous_206)
FNDA:0,(anonymous_207)
FNDA:0,(anonymous_208)
FNDA:0,(anonymous_209)
FNDA:0,(anonymous_210)
FNDA:0,(anonymous_211)
FNDA:1,(anonymous_212)
FNDA:0,(anonymous_213)
FNDA:1,(anonymous_214)
FNDA:0,(anonymous_215)
FNDA:0,z
FNDA:0,j
FNDA:0,q
FNDA:0,C
FNDA:0,(anonymous_220)
FNDA:0,w
FNDA:0,t
FNDA:0,D
FNDA:0,v
FNDA:0,x
FNDA:0,(anonymous_226)
FNDA:0,(anonymous_227)
FNDA:0,(anonymous_228)
FNDA:0,(anonymous_229)
FNDA:0,(anonymous_230)
FNDA:0,(anonymous_231)
FNDA:0,(anonymous_232)
FNDA:0,(anonymous_233)
FNDA:0,(anonymous_234)
FNDA:0,(anonymous_235)
FNDA:0,(anonymous_236)
FNDA:1,(anonymous_237)
FNDA:0,(anonymous_238)
FNDA:0,m
FNDA:0,r
FNDA:0,n
FNDA:0,z
FNDA:0,j
FNDA:0,q
FNDA:0,(anonymous_245)
FNDA:0,(anonymous_246)
FNDA:0,(anonymous_247)
FNDA:0,(anonymous_248)
FNDA:0,(anonymous_249)
FNDA:0,(anonymous_250)
FNDA:1,(anonymous_251)
FNDA:0,(anonymous_252)
FNDA:0,r
FNDA:0,n
FNDA:0,z
FNDA:0,j
FNDA:0,q
FNDA:0,C
FNDA:0,(anonymous_259)
FNDA:0,(anonymous_260)
FNDA:0,(anonymous_261)
FNDA:0,(anonymous_262)
FNDA:0,(anonymous_263)
FNDA:0,(anonymous_264)
FNDA:0,(anonymous_265)
FNDA:0,(anonymous_266)
FNDA:0,(anonymous_267)
FNDA:0,(anonymous_268)
FNDA:0,(anonymous_269)
FNDA:0,(anonymous_270)
FNDA:0,(anonymous_271)
FNDA:0,(anonymous_272)
FNDA:0,(anonymous_273)
FNDA:0,(anonymous_274)
FNDA:0,(anonymous_275)
FNDA:0,(anonymous_276)
FNDA:1,(anonymous_277)
FNDA:0,(anonymous_278)
FNDA:0,m
FNDA:0,r
FNDA:0,n
FNDA:0,z
FNDA:0,j
FNDA:0,(anonymous_284)
FNDA:0,(anonymous_285)
FNDA:0,q
FNDA:0,C
FNDA:0,w
FNDA:0,(anonymous_289)
FNDA:0,(anonymous_290)
FNDA:0,(anonymous_291)
FNDA:0,(anonymous_292)
FNDA:0,(anonymous_293)
FNDA:0,(anonymous_294)
FNDA:0,(anonymous_295)
FNDA:0,(anonymous_296)
FNDA:0,(anonymous_297)
FNDA:0,(anonymous_298)
FNDA:0,(anonymous_299)
FNDA:0,(anonymous_300)
FNDA:0,(anonymous_301)
FNDA:0,(anonymous_302)
FNDA:0,(anonymous_303)
FNDA:0,(anonymous_304)
FNDA:0,(anonymous_305)
FNDA:0,(anonymous_306)
FNDA:0,(anonymous_307)
FNDA:0,(anonymous_308)
FNDA:0,(anonymous_309)
FNDA:0,(anonymous_310)
FNDA:0,(anonymous_311)
FNDA:0,(anonymous_312)
FNDA:0,(anonymous_313)
FNDA:0,(anonymous_314)
FNDA:0,(anonymous_315)
FNDA:0,(anonymous_316)
FNDA:0,(anonymous_317)
FNDA:0,(anonymous_318)
FNDA:0,(anonymous_319)
FNDA:0,(anonymous_320)
FNDA:0,(anonymous_321)
FNDA:0,(anonymous_322)
FNDA:1,(anonymous_323)
FNDA:0,(anonymous_324)
FNDA:0,f
FNDA:0,(anonymous_326)
FNDA:0,(anonymous_327)
FNDA:0,(anonymous_328)
FNDA:0,(anonymous_329)
FNDA:0,(anonymous_330)
FNDA:0,(anonymous_331)
FNDA:0,(anonymous_332)
FNDA:1,(anonymous_333)
FNDA:0,(anonymous_334)
FNDA:0,g
FNDA:0,l
FNDA:0,(anonymous_337)
FNDA:0,m
FNDA:0,r
FNDA:0,(anonymous_340)
FNDA:0,(anonymous_341)
FNDA:0,(anonymous_342)
FNDA:0,(anonymous_343)
FNDA:1,(anonymous_344)
FNDA:0,(anonymous_345)
FNDA:0,b
FNDA:0,(anonymous_347)
FNDA:0,(anonymous_348)
FNDA:0,(anonymous_349)
FNDA:0,(anonymous_350)
FNDA:0,(anonymous_351)
FNDA:0,(anonymous_352)
FNDA:0,(anonymous_353)
FNDA:0,(anonymous_354)
FNDA:0,(anonymous_355)
FNDA:0,(anonymous_356)
FNDA:1,(anonymous_357)
FNDA:0,(anonymous_358)
FNDA:0,z
FNDA:0,j
FNDA:0,q
FNDA:0,C
FNDA:0,w
FNDA:0,(anonymous_364)
FNDA:0,(anonymous_365)
FNDA:0,(anonymous_366)
FNDA:0,(anonymous_367)
FNDA:0,(anonymous_368)
FNDA:0,(anonymous_369)
FNDA:0,(anonymous_370)
FNDA:0,(anonymous_371)
FNDA:1,(anonymous_372)
FNDA:0,(anonymous_373)
FNDA:0,e
FNDA:0,(anonymous_375)
FNDA:0,(anonymous_376)
FNDA:0,(anonymous_377)
FNDA:0,b
FNDA:0,(anonymous_379)
FNDA:0,(anonymous_380)
FNDA:0,(anonymous_381)
FNDA:0,(anonymous_382)
FNDA:0,(anonymous_383)
FNDA:0,(anonymous_384)
FNDA:0,(anonymous_385)
FNDA:0,(anonymous_386)
FNDA:0,(anonymous_387)
FNDA:0,(anonymous_388)
FNDA:0,(anonymous_389)
FNDA:0,(anonymous_390)
FNDA:0,(anonymous_391)
FNDA:0,(anonymous_392)
FNDA:0,(anonymous_393)
FNDA:0,(anonymous_394)
FNDA:0,(anonymous_395)
FNDA:0,(anonymous_396)
FNDA:0,(anonymous_397)
FNDA:0,(anonymous_398)
FNDA:0,(anonymous_399)
FNDA:1,(anonymous_400)
FNDA:0,(anonymous_401)
FNDA:0,l
FNDA:0,m
FNDA:0,r
FNDA:0,(anonymous_405)
FNDA:0,(anonymous_406)
FNDA:0,(anonymous_407)
FNDA:0,(anonymous_408)
FNDA:0,(anonymous_409)
FNDA:0,(anonymous_410)
FNDA:0,(anonymous_411)
FNDA:0,(anonymous_412)
FNDA:0,(anonymous_413)
FNDA:1,(anonymous_414)
FNDA:4,h
FNDA:0,(anonymous_416)
FNDA:0,n
FNDA:0,z
FNDA:0,j
FNDA:0,q
FNDA:0,C
FNDA:0,(anonymous_422)
FNDA:0,w
FNDA:0,t
FNDA:0,D
FNDA:0,(anonymous_426)
FNDA:0,(anonymous_427)
FNDA:0,(anonymous_428)
FNDA:0,v
FNDA:0,(anonymous_430)
FNDA:0,(anonymous_431)
FNDA:0,(anonymous_432)
FNDA:0,(anonymous_433)
FNDA:0,(anonymous_434)
FNDA:1,(anonymous_435)
FNDA:0,(anonymous_436)
FNDA:0,f
FNDA:0,u
FNDA:0,(anonymous_439)
FNDA:0,(anonymous_440)
FNDA:0,(anonymous_441)
FNDA:0,(anonymous_442)
FNDA:0,(anonymous_443)
FNDA:0,(anonymous_444)
FNDA:1,(anonymous_445)
FNDA:0,(anonymous_446)
FNDA:0,l
FNDA:0,m
FNDA:0,r
FNDA:0,n
FNDA:0,z
FNDA:0,j
FNDA:0,(anonymous_453)
FNDA:0,(anonymous_454)
FNDA:0,(anonymous_455)
FNDA:0,(anonymous_456)
FNDA:0,(anonymous_457)
FNDA:0,(anonymous_458)
FNDA:0,(anonymous_459)
FNDA:1,(anonymous_460)
FNDA:0,(anonymous_461)
FNDA:0,(anonymous_462)
FNDA:0,(anonymous_463)
FNDA:0,(anonymous_464)
FNDA:0,(anonymous_465)
FNDA:0,(anonymous_466)
FNDA:0,(anonymous_467)
FNDA:1,(anonymous_468)
FNDA:0,(anonymous_469)
FNDA:0,f
FNDA:0,(anonymous_471)
FNDA:0,(anonymous_472)
FNDA:0,u
FNDA:0,l
FNDA:0,m
FNDA:0,(anonymous_476)
FNDA:0,(anonymous_477)
FNDA:0,(anonymous_478)
FNDA:0,r
FNDA:0,(anonymous_480)
FNDA:0,(anonymous_481)
FNDA:0,n
FNDA:1,(anonymous_483)
FNDA:0,(anonymous_484)
FNDA:0,b
FNDA:0,d
FNDA:0,f
FNDA:0,(anonymous_488)
FNDA:0,(anonymous_489)
FNDA:0,(anonymous_490)
FNDA:0,(anonymous_491)
FNDA:1,(anonymous_492)
FNDA:0,(anonymous_493)
FNDA:0,f
FNDA:0,g
FNDA:0,l
FNDA:0,m
FNDA:0,r
FNDA:0,(anonymous_499)
FNDA:0,n
FNDA:0,z
FNDA:0,j
FNDA:0,q
FNDA:0,C
FNDA:0,w
FNDA:0,t
FNDA:0,(anonymous_507)
FNDA:0,(anonymous_508)
FNDA:0,(anonymous_509)
FNDA:0,(anonymous_510)
FNDA:0,(anonymous_511)
FNDA:0,(anonymous_512)
FNDA:0,(anonymous_513)
FNDA:0,(anonymous_514)
FNDA:0,(anonymous_515)
FNDA:0,(anonymous_516)
FNDA:0,(anonymous_517)
FNDA:0,(anonymous_518)
FNDA:0,(anonymous_519)
FNDA:0,(anonymous_520)
FNDA:0,(anonymous_521)
FNDA:0,(anonymous_522)
FNDA:0,(anonymous_523)
FNDA:0,(anonymous_524)
FNDA:0,(anonymous_525)
FNDA:0,(anonymous_526)
FNDA:0,(anonymous_527)
FNDA:0,(anonymous_528)
FNDA:0,(anonymous_529)
FNDA:0,(anonymous_530)
FNDA:0,(anonymous_531)
FNDA:0,(anonymous_532)
FNDA:0,(anonymous_533)
FNDA:0,(anonymous_534)
FNDA:1,(anonymous_535)
FNDA:0,(anonymous_536)
FNDA:0,x
FNDA:0,p
FNDA:0,k
FNDA:0,B
FNDA:0,F
FNDA:0,s
FNDA:0,A
FNDA:0,K
FNDA:0,I
FNDA:0,G
FNDA:0,(anonymous_547)
FNDA:0,H
FNDA:0,P
FNDA:0,Q
FNDA:0,M
FNDA:0,y
FNDA:0,R
FNDA:0,T
FNDA:0,ca
FNDA:0,ba
FNDA:0,S
FNDA:0,aa
FNDA:0,Y
FNDA:0,qa
FNDA:0,da
FNDA:0,Ra
FNDA:0,ha
FNDA:0,kb
FNDA:0,Ia
FNDA:0,(anonymous_566)
FNDA:0,Ya
FNDA:0,Sa
FNDA:0,Ta
FNDA:0,Na
FNDA:0,(anonymous_571)
FNDA:0,(anonymous_572)
FNDA:0,(anonymous_573)
FNDA:0,(anonymous_574)
FNDA:0,(anonymous_575)
FNDA:0,(anonymous_576)
FNDA:0,(anonymous_577)
FNDA:0,(anonymous_578)
FNDA:0,(anonymous_579)
FNDA:0,(anonymous_580)
FNDA:0,(anonymous_581)
FNDA:0,(anonymous_582)
FNDA:0,(anonymous_583)
FNDA:0,(anonymous_584)
FNDA:0,(anonymous_585)
FNDA:0,(anonymous_586)
FNDA:0,(anonymous_587)
FNDA:0,(anonymous_588)
FNDA:0,(anonymous_589)
FNDA:0,(anonymous_590)
FNDA:0,(anonymous_591)
FNDA:1,(anonymous_592)
FNDA:0,(anonymous_593)
FNDA:1,(anonymous_594)
FNDA:0,(anonymous_595)
FNDA:0,(anonymous_596)
FNDA:0,(anonymous_597)
FNDA:1,(anonymous_598)
FNDA:0,(anonymous_599)
FNDA:1,(anonymous_600)
FNDA:0,(anonymous_601)
FNDA:1,(anonymous_602)
FNDA:0,(anonymous_603)
DA:1,1
DA:2,1
DA:3,1
DA:4,323
DA:5,346
DA:6,93
DA:7,2
DA:8,9
DA:9,1
DA:10,1
DA:11,0
DA:12,1
DA:13,0
DA:14,1
DA:15,0
DA:16,1
DA:17,1
DA:18,1
DA:19,1
DA:20,0
DA:21,0
DA:22,0
DA:23,1
DA:24,1
DA:25,1
DA:26,1
DA:27,0
DA:28,0
DA:29,0
DA:30,1
DA:31,1
DA:32,1
DA:33,0
DA:34,0
DA:35,0
DA:36,1
DA:37,1
DA:38,1
DA:39,1
DA:40,1
DA:41,1
DA:42,1
DA:43,1
DA:44,1
DA:45,1
DA:46,1
DA:47,1
DA:48,1
DA:49,0
DA:50,0
DA:51,0
DA:52,0
DA:53,0
DA:54,0
DA:56,1
DA:57,1
DA:58,1
DA:60,0
DA:61,0
DA:62,0
DA:63,0
DA:64,0
DA:65,0
DA:66,0
DA:67,0
DA:68,0
DA:69,0
DA:70,0
DA:71,1
DA:72,1
DA:73,1
DA:74,1
DA:75,1
DA:76,1
DA:77,1
DA:78,1
DA:79,0
DA:80,0
DA:81,0
DA:82,1
DA:83,0
DA:84,1
DA:85,1
DA:86,1
DA:87,1
DA:88,0
DA:89,0
DA:90,0
DA:91,1
DA:93,1
DA:94,1
DA:95,1
DA:96,0
DA:97,0
DA:98,1
DA:100,1
DA:101,1
DA:102,0
DA:103,0
DA:104,0
DA:105,1
DA:106,1
DA:107,1
DA:108,1
DA:109,1
DA:110,0
DA:111,0
DA:112,0
DA:113,0
DA:114,0
DA:115,0
DA:116,0
DA:117,0
DA:118,0
DA:119,0
DA:120,1
DA:121,0
DA:122,1
DA:124,1
DA:125,0
DA:126,0
DA:127,1
DA:128,1
DA:129,0
DA:130,0
DA:131,0
DA:132,0
DA:133,1
DA:134,1
DA:135,0
DA:136,0
DA:137,0
DA:138,1
DA:139,1
DA:140,1
DA:141,0
DA:142,0
DA:143,0
DA:144,0
DA:145,0
DA:146,1
DA:147,0
DA:148,0
DA:149,0
DA:150,0
DA:151,0
DA:152,0
DA:153,0
DA:154,1
DA:155,1
DA:156,8
DA:157,1
DA:158,1
DA:159,0
DA:160,0
DA:161,1
DA:162,1
DA:163,1
DA:164,0
DA:165,1
DA:166,1
DA:167,1
DA:168,1
DA:169,0
DA:170,0
DA:171,1
DA:172,0
DA:173,1
DA:174,0
DA:175,1
DA:176,1
DA:177,1
DA:178,1
DA:179,0
DA:180,0
DA:181,1
DA:182,1
DA:183,1
DA:184,0
DA:185,0
DA:186,0
DA:187,0
DA:188,0
DA:189,0
DA:190,1
DA:191,1
DA:192,1
DA:193,1
DA:194,1
DA:195,1
DA:196,1
DA:197,1
DA:198,0
DA:199,0
DA:200,0
DA:201,0
DA:202,0
DA:203,0
DA:204,0
DA:205,0
DA:206,0
DA:207,0
DA:208,0
DA:209,1
DA:210,1
DA:211,1
DA:212,1
DA:213,1
DA:214,1
DA:215,1
DA:216,1
LF:211
LH:112
BRDA:2,1,0,0
BRDA:2,1,1,0
BRDA:2,2,0,0
BRDA:2,2,1,0
BRDA:2,3,0,0
BRDA:2,3,1,0
BRDA:2,4,0,0
BRDA:2,4,1,0
BRDA:2,5,0,0
BRDA:2,5,1,0
BRDA:2,6,0,0
BRDA:2,6,1,0
BRDA:2,7,0,0
BRDA:2,7,1,0
BRDA:2,8,0,0
BRDA:2,8,1,0
BRDA:2,9,0,0
BRDA:2,9,1,0
BRDA:2,10,0,0
BRDA:2,10,1,0
BRDA:3,11,0,0
BRDA:3,11,1,0
BRDA:3,12,0,0
BRDA:3,12,1,0
BRDA:3,12,2,0
BRDA:3,12,3,0
BRDA:3,13,0,0
BRDA:3,13,1,0
BRDA:4,14,0,0
BRDA:4,14,1,323
BRDA:4,15,0,53
BRDA:4,15,1,270
BRDA:4,16,0,258
BRDA:4,16,1,65
BRDA:4,17,0,0
BRDA:4,17,1,258
BRDA:4,18,0,258
BRDA:4,18,1,0
BRDA:4,19,0,54
BRDA:4,19,1,11
BRDA:4,20,0,65
BRDA:4,20,1,17
BRDA:4,20,2,11
BRDA:4,21,0,0
BRDA:4,21,1,11
BRDA:4,22,0,0
BRDA:4,22,1,0
BRDA:5,23,0,93
BRDA:5,23,1,0
BRDA:5,24,0,8
BRDA:5,24,1,85
BRDA:5,25,0,93
BRDA:5,25,1,8
BRDA:5,25,2,8
BRDA:5,26,0,0
BRDA:5,26,1,8
BRDA:5,27,0,93
BRDA:5,27,1,85
BRDA:5,28,0,93
BRDA:5,28,1,80
BRDA:5,29,0,323
BRDA:5,29,1,0
BRDA:5,30,0,323
BRDA:5,30,1,323
BRDA:5,31,0,0
BRDA:5,31,1,0
BRDA:5,32,0,93
BRDA:5,32,1,0
BRDA:5,33,0,85
BRDA:5,33,1,8
BRDA:5,34,0,1
BRDA:5,34,1,84
BRDA:5,35,0,85
BRDA:5,35,1,84
BRDA:6,36,0,0
BRDA:6,36,1,93
BRDA:6,37,0,0
BRDA:6,37,1,0
BRDA:6,38,0,0
BRDA:6,38,1,0
BRDA:6,39,0,0
BRDA:6,39,1,0
BRDA:6,40,0,0
BRDA:6,40,1,0
BRDA:6,41,0,0
BRDA:6,41,1,0
BRDA:6,42,0,0
BRDA:6,42,1,0
BRDA:6,43,0,0
BRDA:6,43,1,0
BRDA:6,44,0,0
BRDA:6,44,1,0
BRDA:6,45,0,0
BRDA:6,45,1,0
BRDA:6,46,0,0
BRDA:6,46,1,0
BRDA:6,46,2,0
BRDA:7,47,0,0
BRDA:7,47,1,0
BRDA:7,48,0,0
BRDA:7,48,1,0
BRDA:7,49,0,0
BRDA:7,49,1,0
BRDA:7,50,0,0
BRDA:7,50,1,0
BRDA:8,51,0,9
BRDA:8,51,1,9
BRDA:8,52,0,0
BRDA:8,52,1,0
BRDA:9,53,0,0
BRDA:9,53,1,0
BRDA:9,53,2,0
BRDA:10,54,0,0
BRDA:10,54,1,0
BRDA:10,55,0,0
BRDA:10,55,1,0
BRDA:10,56,0,0
BRDA:10,56,1,0
BRDA:10,57,0,0
BRDA:10,57,1,0
BRDA:10,58,0,0
BRDA:10,58,1,0
BRDA:10,59,0,0
BRDA:10,59,1,0
BRDA:10,60,0,0
BRDA:10,60,1,0
BRDA:10,61,0,0
BRDA:10,61,1,0
BRDA:10,61,2,0
BRDA:10,61,3,0
BRDA:10,61,4,0
BRDA:10,62,0,0
BRDA:10,62,1,0
BRDA:10,63,0,0
BRDA:10,63,1,0
BRDA:10,63,2,0
BRDA:10,63,3,0
BRDA:10,64,0,0
BRDA:10,64,1,0
BRDA:11,65,0,0
BRDA:11,65,1,0
BRDA:11,66,0,0
BRDA:11,66,1,0
BRDA:11,67,0,0
BRDA:11,67,1,0
BRDA:11,68,0,0
BRDA:11,68,1,0
BRDA:11,69,0,0
BRDA:11,69,1,0
BRDA:11,70,0,0
BRDA:11,70,1,0
BRDA:11,71,0,0
BRDA:11,71,1,0
BRDA:11,72,0,0
BRDA:11,72,1,0
BRDA:12,73,0,0
BRDA:12,73,1,0
BRDA:12,74,0,0
BRDA:12,74,1,0
BRDA:13,75,0,0
BRDA:13,75,1,0
BRDA:13,76,0,0
BRDA:13,76,1,0
BRDA:13,77,0,0
BRDA:13,77,1,0
BRDA:14,78,0,0
BRDA:14,78,1,0
BRDA:14,79,0,0
BRDA:14,79,1,0
BRDA:14,80,0,0
BRDA:14,80,1,0
BRDA:14,81,0,0
BRDA:14,81,1,0
BRDA:14,82,0,0
BRDA:14,82,1,0
BRDA:14,83,0,0
BRDA:14,83,1,0
BRDA:14,84,0,0
BRDA:14,84,1,0
BRDA:15,85,0,0
BRDA:15,85,1,0
BRDA:15,86,0,0
BRDA:15,86,1,0
BRDA:15,86,2,0
BRDA:15,87,0,0
BRDA:15,87,1,0
BRDA:16,88,0,0
BRDA:16,88,1,0
BRDA:16,89,0,0
BRDA:16,89,1,0
BRDA:16,90,0,0
BRDA:16,90,1,0
BRDA:16,91,0,0
BRDA:16,91,1,0
BRDA:16,91,2,0
BRDA:17,92,0,0
BRDA:17,92,1,0
BRDA:17,93,0,0
BRDA:17,93,1,0
BRDA:17,94,0,0
BRDA:17,94,1,0
BRDA:17,95,0,0
BRDA:17,95,1,0
BRDA:17,96,0,0
BRDA:17,96,1,0
BRDA:18,97,0,0
BRDA:18,97,1,0
BRDA:18,98,0,0
BRDA:18,98,1,0
BRDA:19,99,0,0
BRDA:19,99,1,0
BRDA:19,100,0,0
BRDA:19,100,1,0
BRDA:19,101,0,0
BRDA:19,101,1,0
BRDA:19,102,0,0
BRDA:19,102,1,0
BRDA:19,103,0,0
BRDA:19,103,1,0
BRDA:19,104,0,0
BRDA:19,104,1,0
BRDA:19,105,0,0
BRDA:19,105,1,0
BRDA:19,106,0,0
BRDA:19,106,1,0
BRDA:20,107,0,0
BRDA:20,107,1,0
BRDA:21,108,0,0
BRDA:21,108,1,0
BRDA:24,109,0,0
BRDA:24,109,1,0
BRDA:24,110,0,0
BRDA:24,110,1,0
BRDA:24,110,2,0
BRDA:24,111,0,0
BRDA:24,111,1,0
BRDA:24,112,0,0
BRDA:24,112,1,0
BRDA:24,113,0,0
BRDA:24,113,1,0
BRDA:25,114,0,0
BRDA:25,114,1,0
BRDA:25,115,0,0
BRDA:25,115,1,0
BRDA:25,116,0,0
BRDA:25,116,1,0
BRDA:25,117,0,0
BRDA:25,117,1,0
BRDA:25,118,0,0
BRDA:25,118,1,0
BRDA:25,119,0,0
BRDA:25,119,1,0
BRDA:25,120,0,0
BRDA:25,120,1,0
BRDA:25,121,0,0
BRDA:25,121,1,0
BRDA:25,122,0,0
BRDA:25,122,1,0
BRDA:25,123,0,0
BRDA:25,123,1,0
BRDA:25,124,0,0
BRDA:25,124,1,0
BRDA:25,125,0,0
BRDA:25,125,1,0
BRDA:25,126,0,0
BRDA:25,126,1,0
BRDA:26,127,0,0
BRDA:26,127,1,0
BRDA:26,128,0,0
BRDA:26,128,1,0
BRDA:26,129,0,0
BRDA:26,129,1,0
BRDA:26,130,0,0
BRDA:26,130,1,0
BRDA:26,131,0,0
BRDA:26,131,1,0
BRDA:27,132,0,0
BRDA:27,132,1,0
BRDA:27,133,0,0
BRDA:27,133,1,0
BRDA:27,133,2,0
BRDA:27,133,3,0
BRDA:28,134,0,0
BRDA:28,134,1,0
BRDA:28,135,0,0
BRDA:28,135,1,0
BRDA:28,136,0,0
BRDA:28,136,1,0
BRDA:28,136,2,0
BRDA:28,137,0,0
BRDA:28,137,1,0
BRDA:28,138,0,0
BRDA:28,138,1,0
BRDA:29,139,0,0
BRDA:29,139,1,0
BRDA:29,140,0,0
BRDA:29,140,1,0
BRDA:29,141,0,0
BRDA:29,141,1,0
BRDA:29,142,0,0
BRDA:29,142,1,0
BRDA:29,143,0,0
BRDA:29,143,1,0
BRDA:29,144,0,0
BRDA:29,144,1,0
BRDA:29,145,0,0
BRDA:29,145,1,0
BRDA:31,146,0,0
BRDA:31,146,1,0
BRDA:31,147,0,0
BRDA:31,147,1,0
BRDA:31,148,0,0
BRDA:31,148,1,0
BRDA:31,149,0,0
BRDA:31,149,1,0
BRDA:32,150,0,0
BRDA:32,150,1,0
BRDA:32,151,0,0
BRDA:32,151,1,0
BRDA:32,151,2,0
BRDA:32,152,0,0
BRDA:32,152,1,0
BRDA:32,153,0,0
BRDA:32,153,1,0
BRDA:32,154,0,0
BRDA:32,154,1,0
BRDA:32,155,0,0
BRDA:32,155,1,0
BRDA:32,156,0,0
BRDA:32,156,1,0
BRDA:32,157,0,0
BRDA:32,157,1,0
BRDA:33,158,0,0
BRDA:33,158,1,0
BRDA:34,159,0,0
BRDA:34,159,1,0
BRDA:34,160,0,0
BRDA:34,160,1,0
BRDA:34,161,0,0
BRDA:34,161,1,0
BRDA:36,162,0,1
BRDA:36,162,1,0
BRDA:36,163,0,0
BRDA:36,163,1,0
BRDA:36,164,0,0
BRDA:36,164,1,0
BRDA:36,164,2,0
BRDA:36,164,3,0
BRDA:36,165,0,0
BRDA:36,165,1,0
BRDA:37,166,0,0
BRDA:37,166,1,0
BRDA:37,167,0,0
BRDA:37,167,1,0
BRDA:37,168,0,0
BRDA:37,168,1,0
BRDA:37,169,0,0
BRDA:37,169,1,0
BRDA:37,170,0,0
BRDA:37,170,1,0
BRDA:37,171,0,0
BRDA:37,171,1,0
BRDA:37,172,0,0
BRDA:37,172,1,0
BRDA:37,173,0,0
BRDA:37,173,1,0
BRDA:37,174,0,0
BRDA:37,174,1,0
BRDA:37,175,0,0
BRDA:37,175,1,0
BRDA:37,175,2,0
BRDA:38,176,0,0
BRDA:38,176,1,0
BRDA:38,177,0,0
BRDA:38,177,1,0
BRDA:38,178,0,0
BRDA:38,178,1,0
BRDA:38,179,0,0
BRDA:38,179,1,0
BRDA:38,180,0,0
BRDA:38,180,1,0
BRDA:38,180,2,0
BRDA:38,181,0,0
BRDA:38,181,1,0
BRDA:38,182,0,0
BRDA:38,182,1,0
BRDA:39,183,0,0
BRDA:39,183,1,0
BRDA:39,184,0,0
BRDA:39,184,1,0
BRDA:39,185,0,0
BRDA:39,185,1,0
BRDA:39,186,0,0
BRDA:39,186,1,0
BRDA:39,187,0,0
BRDA:39,187,1,0
BRDA:39,188,0,0
BRDA:39,188,1,0
BRDA:39,189,0,0
BRDA:39,189,1,0
BRDA:39,190,0,0
BRDA:39,190,1,0
BRDA:39,191,0,0
BRDA:39,191,1,0
BRDA:39,191,2,0
BRDA:40,192,0,0
BRDA:40,192,1,0
BRDA:40,192,2,0
BRDA:40,193,0,0
BRDA:40,193,1,0
BRDA:40,193,2,0
BRDA:40,194,0,0
BRDA:40,194,1,0
BRDA:40,195,0,0
BRDA:40,195,1,0
BRDA:40,196,0,0
BRDA:40,196,1,0
BRDA:40,197,0,0
BRDA:40,197,1,0
BRDA:40,198,0,0
BRDA:40,198,1,0
BRDA:40,199,0,0
BRDA:40,199,1,0
BRDA:41,200,0,0
BRDA:41,200,1,0
BRDA:41,200,2,0
BRDA:41,201,0,0
BRDA:41,201,1,0
BRDA:41,202,0,0
BRDA:41,202,1,0
BRDA:41,203,0,0
BRDA:41,203,1,0
BRDA:41,204,0,0
BRDA:41,204,1,0
BRDA:41,205,0,0
BRDA:41,205,1,0
BRDA:41,205,2,0
BRDA:41,206,0,0
BRDA:41,206,1,0
BRDA:41,207,0,0
BRDA:41,207,1,0
BRDA:41,207,2,0
BRDA:42,208,0,0
BRDA:42,208,1,0
BRDA:42,209,0,0
BRDA:42,209,1,0
BRDA:42,209,2,0
BRDA:42,210,0,0
BRDA:42,210,1,0
BRDA:42,210,2,0
BRDA:42,211,0,0
BRDA:42,211,1,0
BRDA:42,212,0,0
BRDA:42,212,1,0
BRDA:43,213,0,0
BRDA:43,213,1,0
BRDA:43,214,0,0
BRDA:43,214,1,0
BRDA:43,215,0,0
BRDA:43,215,1,0
BRDA:43,216,0,0
BRDA:43,216,1,0
BRDA:43,217,0,0
BRDA:43,217,1,0
BRDA:43,218,0,0
BRDA:43,218,1,0
BRDA:44,219,0,0
BRDA:44,219,1,0
BRDA:44,220,0,0
BRDA:44,220,1,0
BRDA:44,221,0,0
BRDA:44,221,1,0
BRDA:44,222,0,0
BRDA:44,222,1,0
BRDA:44,223,0,0
BRDA:44,223,1,0
BRDA:44,224,0,0
BRDA:44,224,1,0
BRDA:44,225,0,0
BRDA:44,225,1,0
BRDA:44,226,0,0
BRDA:44,226,1,0
BRDA:44,227,0,0
BRDA:44,227,1,0
BRDA:44,228,0,0
BRDA:44,228,1,0
BRDA:44,229,0,0
BRDA:44,229,1,0
BRDA:45,230,0,0
BRDA:45,230,1,0
BRDA:45,231,0,0
BRDA:45,231,1,0
BRDA:45,232,0,0
BRDA:45,232,1,0
BRDA:45,232,2,0
BRDA:45,232,3,0
BRDA:45,232,4,0
BRDA:45,233,0,0
BRDA:45,233,1,0
BRDA:45,234,0,0
BRDA:45,234,1,0
BRDA:45,235,0,0
BRDA:45,235,1,0
BRDA:45,236,0,0
BRDA:45,236,1,0
BRDA:45,237,0,0
BRDA:45,237,1,0
BRDA:45,237,2,0
BRDA:46,238,0,0
BRDA:46,238,1,0
BRDA:46,239,0,0
BRDA:46,239,1,0
BRDA:46,240,0,0
BRDA:46,240,1,0
BRDA:46,241,0,0
BRDA:46,241,1,0
BRDA:46,242,0,0
BRDA:46,242,1,0
BRDA:46,243,0,0
BRDA:46,243,1,0
BRDA:46,244,0,0
BRDA:46,244,1,0
BRDA:47,245,0,0
BRDA:47,245,1,0
BRDA:47,246,0,0
BRDA:47,246,1,0
BRDA:47,247,0,0
BRDA:47,247,1,0
BRDA:47,248,0,0
BRDA:47,248,1,0
BRDA:47,249,0,0
BRDA:47,249,1,0
BRDA:47,250,0,0
BRDA:47,250,1,0
BRDA:47,251,0,0
BRDA:47,251,1,0
BRDA:47,252,0,0
BRDA:47,252,1,0
BRDA:48,253,0,0
BRDA:48,253,1,0
BRDA:48,254,0,0
BRDA:48,254,1,0
BRDA:48,255,0,0
BRDA:48,255,1,0
BRDA:48,256,0,0
BRDA:48,256,1,0
BRDA:48,256,2,0
BRDA:48,257,0,0
BRDA:48,257,1,0
BRDA:48,258,0,0
BRDA:48,258,1,0
BRDA:48,259,0,0
BRDA:48,259,1,0
BRDA:48,260,0,0
BRDA:48,260,1,0
BRDA:49,261,0,0
BRDA:49,261,1,0
BRDA:49,262,0,0
BRDA:49,262,1,0
BRDA:49,263,0,0
BRDA:49,263,1,0
BRDA:49,264,0,0
BRDA:49,264,1,0
BRDA:49,264,2,0
BRDA:49,264,3,0
BRDA:49,264,4,0
BRDA:49,264,5,0
BRDA:49,265,0,0
BRDA:49,265,1,0
BRDA:49,266,0,0
BRDA:49,266,1,0
BRDA:49,267,0,0
BRDA:49,267,1,0
BRDA:50,268,0,0
BRDA:50,268,1,0
BRDA:50,269,0,0
BRDA:50,269,1,0
BRDA:50,269,2,0
BRDA:50,270,0,0
BRDA:50,270,1,0
BRDA:50,271,0,0
BRDA:50,271,1,0
BRDA:50,272,0,0
BRDA:50,272,1,0
BRDA:50,273,0,0
BRDA:50,273,1,0
BRDA:51,274,0,0
BRDA:51,274,1,0
BRDA:51,275,0,0
BRDA:51,275,1,0
BRDA:51,276,0,0
BRDA:51,276,1,0
BRDA:51,277,0,0
BRDA:51,277,1,0
BRDA:51,278,0,0
BRDA:51,278,1,0
BRDA:51,279,0,0
BRDA:51,279,1,0
BRDA:52,280,0,0
BRDA:52,280,1,0
BRDA:52,281,0,0
BRDA:52,281,1,0
BRDA:52,282,0,0
BRDA:52,282,1,0
BRDA:52,283,0,0
BRDA:52,283,1,0
BRDA:52,284,0,0
BRDA:52,284,1,0
BRDA:52,285,0,0
BRDA:52,285,1,0
BRDA:52,286,0,0
BRDA:52,286,1,0
BRDA:52,287,0,0
BRDA:52,287,1,0
BRDA:52,288,0,0
BRDA:52,288,1,0
BRDA:52,289,0,0
BRDA:52,289,1,0
BRDA:52,290,0,0
BRDA:52,290,1,0
BRDA:52,291,0,0
BRDA:52,291,1,0
BRDA:52,292,0,0
BRDA:52,292,1,0
BRDA:52,293,0,0
BRDA:52,293,1,0
BRDA:53,294,0,0
BRDA:53,294,1,0
BRDA:53,295,0,0
BRDA:53,295,1,0
BRDA:53,296,0,0
BRDA:53,296,1,0
BRDA:53,297,0,0
BRDA:53,297,1,0
BRDA:53,297,2,0
BRDA:53,298,0,0
BRDA:53,298,1,0
BRDA:53,298,2,0
BRDA:53,299,0,0
BRDA:53,299,1,0
BRDA:54,300,0,0
BRDA:54,300,1,0
BRDA:54,301,0,0
BRDA:54,301,1,0
BRDA:54,302,0,0
BRDA:54,302,1,0
BRDA:54,303,0,0
BRDA:54,303,1,0
BRDA:54,304,0,0
BRDA:54,304,1,0
BRDA:54,305,0,0
BRDA:54,305,1,0
BRDA:54,306,0,0
BRDA:54,306,1,0
BRDA:54,307,0,0
BRDA:54,307,1,0
BRDA:54,308,0,0
BRDA:54,308,1,0
BRDA:54,309,0,0
BRDA:54,309,1,0
BRDA:55,310,0,0
BRDA:55,310,1,0
BRDA:55,311,0,0
BRDA:55,311,1,0
BRDA:55,312,0,0
BRDA:55,312,1,0
BRDA:55,313,0,0
BRDA:55,313,1,0
BRDA:55,314,0,0
BRDA:55,314,1,0
BRDA:55,315,0,0
BRDA:55,315,1,0
BRDA:55,316,0,0
BRDA:55,316,1,0
BRDA:55,317,0,0
BRDA:55,317,1,0
BRDA:56,318,0,0
BRDA:56,318,1,0
BRDA:56,319,0,0
BRDA:56,319,1,0
BRDA:56,320,0,0
BRDA:56,320,1,0
BRDA:56,321,0,0
BRDA:56,321,1,0
BRDA:56,322,0,0
BRDA:56,322,1,0
BRDA:56,322,2,0
BRDA:57,323,0,0
BRDA:57,323,1,0
BRDA:57,324,0,0
BRDA:57,324,1,0
BRDA:57,325,0,0
BRDA:57,325,1,0
BRDA:57,326,0,0
BRDA:57,326,1,0
BRDA:57,327,0,0
BRDA:57,327,1,0
BRDA:57,328,0,0
BRDA:57,328,1,0
BRDA:57,329,0,0
BRDA:57,329,1,0
BRDA:57,330,0,0
BRDA:57,330,1,0
BRDA:57,331,0,0
BRDA:57,331,1,0
BRDA:57,332,0,0
BRDA:57,332,1,0
BRDA:57,333,0,0
BRDA:57,333,1,0
BRDA:57,334,0,0
BRDA:57,334,1,0
BRDA:58,335,0,0
BRDA:58,335,1,0
BRDA:58,336,0,0
BRDA:58,336,1,0
BRDA:58,337,0,0
BRDA:58,337,1,0
BRDA:58,338,0,0
BRDA:58,338,1,0
BRDA:60,339,0,0
BRDA:60,339,1,0
BRDA:60,340,0,0
BRDA:60,340,1,0
BRDA:60,340,2,0
BRDA:60,341,0,0
BRDA:60,341,1,0
BRDA:60,342,0,0
BRDA:60,342,1,0
BRDA:60,343,0,0
BRDA:60,343,1,0
BRDA:61,344,0,0
BRDA:61,344,1,0
BRDA:61,345,0,0
BRDA:61,345,1,0
BRDA:61,346,0,0
BRDA:61,346,1,0
BRDA:61,347,0,0
BRDA:61,347,1,0
BRDA:61,348,0,0
BRDA:61,348,1,0
BRDA:61,349,0,0
BRDA:61,349,1,0
BRDA:61,349,2,0
BRDA:61,350,0,0
BRDA:61,350,1,0
BRDA:61,351,0,0
BRDA:61,351,1,0
BRDA:61,352,0,0
BRDA:61,352,1,0
BRDA:61,352,2,0
BRDA:61,353,0,0
BRDA:61,353,1,0
BRDA:61,354,0,0
BRDA:61,354,1,0
BRDA:61,355,0,0
BRDA:61,355,1,0
BRDA:61,356,0,0
BRDA:61,356,1,0
BRDA:61,357,0,0
BRDA:61,357,1,0
BRDA:61,358,0,0
BRDA:61,358,1,0
BRDA:61,358,2,0
BRDA:61,358,3,0
BRDA:61,358,4,0
BRDA:61,359,0,0
BRDA:61,359,1,0
BRDA:61,360,0,0
BRDA:61,360,1,0
BRDA:61,360,2,0
BRDA:61,360,3,0
BRDA:61,360,4,0
BRDA:62,361,0,0
BRDA:62,361,1,0
BRDA:62,362,0,0
BRDA:62,362,1,0
BRDA:62,363,0,0
BRDA:62,363,1,0
BRDA:62,364,0,0
BRDA:62,364,1,0
BRDA:62,365,0,0
BRDA:62,365,1,0
BRDA:62,366,0,0
BRDA:62,366,1,0
BRDA:63,367,0,0
BRDA:63,367,1,0
BRDA:63,367,2,0
BRDA:63,367,3,0
BRDA:63,367,4,0
BRDA:63,368,0,0
BRDA:63,368,1,0
BRDA:63,369,0,0
BRDA:63,369,1,0
BRDA:63,369,2,0
BRDA:63,370,0,0
BRDA:63,370,1,0
BRDA:63,371,0,0
BRDA:63,371,1,0
BRDA:63,372,0,0
BRDA:63,372,1,0
BRDA:63,373,0,0
BRDA:63,373,1,0
BRDA:64,374,0,0
BRDA:64,374,1,0
BRDA:64,375,0,0
BRDA:64,375,1,0
BRDA:64,376,0,0
BRDA:64,376,1,0
BRDA:64,376,2,0
BRDA:64,377,0,0
BRDA:64,377,1,0
BRDA:65,378,0,0
BRDA:65,378,1,0
BRDA:65,379,0,0
BRDA:65,379,1,0
BRDA:65,380,0,0
BRDA:65,380,1,0
BRDA:65,381,0,0
BRDA:65,381,1,0
BRDA:66,382,0,0
BRDA:66,382,1,0
BRDA:66,383,0,0
BRDA:66,383,1,0
BRDA:66,384,0,0
BRDA:66,384,1,0
BRDA:66,385,0,0
BRDA:66,385,1,0
BRDA:66,385,2,0
BRDA:66,385,3,0
BRDA:66,386,0,0
BRDA:66,386,1,0
BRDA:66,387,0,0
BRDA:66,387,1,0
BRDA:66,387,2,0
BRDA:66,387,3,0
BRDA:66,388,0,0
BRDA:66,388,1,0
BRDA:67,389,0,0
BRDA:67,389,1,0
BRDA:67,390,0,0
BRDA:67,390,1,0
BRDA:67,391,0,0
BRDA:67,391,1,0
BRDA:67,392,0,0
BRDA:67,392,1,0
BRDA:68,393,0,0
BRDA:68,393,1,0
BRDA:68,394,0,0
BRDA:68,394,1,0
BRDA:68,395,0,0
BRDA:68,395,1,0
BRDA:68,396,0,0
BRDA:68,396,1,0
BRDA:68,396,2,0
BRDA:68,396,3,0
BRDA:68,396,4,0
BRDA:68,397,0,0
BRDA:68,397,1,0
BRDA:68,397,2,0
BRDA:68,398,0,0
BRDA:68,398,1,0
BRDA:68,399,0,0
BRDA:68,399,1,0
BRDA:69,400,0,0
BRDA:69,400,1,0
BRDA:69,401,0,0
BRDA:69,401,1,0
BRDA:69,402,0,0
BRDA:69,402,1,0
BRDA:69,402,2,0
BRDA:69,402,3,0
BRDA:69,403,0,0
BRDA:69,403,1,0
BRDA:69,404,0,0
BRDA:69,404,1,0
BRDA:69,404,2,0
BRDA:69,404,3,0
BRDA:70,405,0,0
BRDA:70,405,1,0
BRDA:70,406,0,0
BRDA:70,406,1,0
BRDA:75,407,0,0
BRDA:75,407,1,0
BRDA:75,407,2,0
BRDA:75,407,3,0
BRDA:76,408,0,0
BRDA:76,408,1,0
BRDA:76,409,0,0
BRDA:76,409,1,0
BRDA:76,410,0,0
BRDA:76,410,1,0
BRDA:76,411,0,0
BRDA:76,411,1,0
BRDA:76,412,0,0
BRDA:76,412,1,0
BRDA:76,413,0,0
BRDA:76,413,1,0
BRDA:76,414,0,0
BRDA:76,414,1,0
BRDA:76,415,0,0
BRDA:76,415,1,0
BRDA:76,416,0,0
BRDA:76,416,1,0
BRDA:76,417,0,0
BRDA:76,417,1,0
BRDA:76,418,0,0
BRDA:76,418,1,0
BRDA:77,419,0,0
BRDA:77,419,1,0
BRDA:77,420,0,0
BRDA:77,420,1,0
BRDA:77,421,0,0
BRDA:77,421,1,0
BRDA:77,421,2,0
BRDA:77,422,0,0
BRDA:77,422,1,0
BRDA:77,423,0,0
BRDA:77,423,1,0
BRDA:77,424,0,0
BRDA:77,424,1,0
BRDA:77,425,0,0
BRDA:77,425,1,0
BRDA:77,426,0,0
BRDA:77,426,1,0
BRDA:77,427,0,0
BRDA:77,427,1,0
BRDA:78,428,0,0
BRDA:78,428,1,0
BRDA:79,429,0,0
BRDA:79,429,1,0
BRDA:79,430,0,0
BRDA:79,430,1,0
BRDA:79,431,0,0
BRDA:79,431,1,0
BRDA:80,432,0,0
BRDA:80,432,1,0
BRDA:80,433,0,0
BRDA:80,433,1,0
BRDA:80,434,0,0
BRDA:80,434,1,0
BRDA:80,434,2,0
BRDA:84,435,0,0
BRDA:84,435,1,0
BRDA:84,436,0,0
BRDA:84,436,1,0
BRDA:84,436,2,0
BRDA:84,437,0,0
BRDA:84,437,1,0
BRDA:84,438,0,0
BRDA:84,438,1,0
BRDA:84,438,2,0
BRDA:84,439,0,0
BRDA:84,439,1,0
BRDA:84,440,0,0
BRDA:84,440,1,0
BRDA:85,441,0,0
BRDA:85,441,1,0
BRDA:85,442,0,0
BRDA:85,442,1,0
BRDA:85,443,0,0
BRDA:85,443,1,0
BRDA:85,443,2,0
BRDA:85,443,3,0
BRDA:85,444,0,0
BRDA:85,444,1,0
BRDA:85,445,0,0
BRDA:85,445,1,0
BRDA:85,445,2,0
BRDA:85,445,3,0
BRDA:85,446,0,0
BRDA:85,446,1,0
BRDA:85,447,0,0
BRDA:85,447,1,0
BRDA:85,447,2,0
BRDA:85,448,0,0
BRDA:85,448,1,0
BRDA:85,449,0,0
BRDA:85,449,1,0
BRDA:85,450,0,0
BRDA:85,450,1,0
BRDA:85,451,0,0
BRDA:85,451,1,0
BRDA:85,452,0,0
BRDA:85,452,1,0
BRDA:86,453,0,0
BRDA:86,453,1,0
BRDA:86,454,0,0
BRDA:86,454,1,0
BRDA:86,455,0,0
BRDA:86,455,1,0
BRDA:86,455,2,0
BRDA:86,456,0,0
BRDA:86,456,1,0
BRDA:86,457,0,0
BRDA:86,457,1,0
BRDA:86,458,0,0
BRDA:86,458,1,0
BRDA:86,459,0,0
BRDA:86,459,1,0
BRDA:86,459,2,0
BRDA:86,459,3,0
BRDA:86,460,0,0
BRDA:86,460,1,0
BRDA:86,461,0,0
BRDA:86,461,1,0
BRDA:86,461,2,0
BRDA:86,462,0,0
BRDA:86,462,1,0
BRDA:86,462,2,0
BRDA:86,463,0,0
BRDA:86,463,1,0
BRDA:86,463,2,0
BRDA:86,464,0,0
BRDA:86,464,1,0
BRDA:86,465,0,0
BRDA:86,465,1,0
BRDA:86,466,0,0
BRDA:86,466,1,0
BRDA:87,467,0,0
BRDA:87,467,1,0
BRDA:87,468,0,0
BRDA:87,468,1,0
BRDA:87,469,0,0
BRDA:87,469,1,0
BRDA:87,470,0,0
BRDA:87,470,1,0
BRDA:87,471,0,0
BRDA:87,471,1,0
BRDA:87,472,0,0
BRDA:87,472,1,0
BRDA:88,473,0,0
BRDA:88,473,1,0
BRDA:88,474,0,0
BRDA:88,474,1,0
BRDA:88,475,0,0
BRDA:88,475,1,0
BRDA:88,475,2,0
BRDA:89,476,0,0
BRDA:89,476,1,0
BRDA:89,477,0,0
BRDA:89,477,1,0
BRDA:89,478,0,0
BRDA:89,478,1,0
BRDA:90,479,0,0
BRDA:90,479,1,0
BRDA:90,480,0,0
BRDA:90,480,1,0
BRDA:90,481,0,0
BRDA:90,481,1,0
BRDA:93,482,0,0
BRDA:93,482,1,0
BRDA:93,483,0,0
BRDA:93,483,1,0
BRDA:93,484,0,0
BRDA:93,484,1,0
BRDA:93,484,2,0
BRDA:93,485,0,0
BRDA:93,485,1,0
BRDA:93,486,0,0
BRDA:93,486,1,0
BRDA:93,487,0,0
BRDA:93,487,1,0
BRDA:94,488,0,0
BRDA:94,488,1,0
BRDA:94,489,0,0
BRDA:94,489,1,0
BRDA:94,490,0,0
BRDA:94,490,1,0
BRDA:94,491,0,0
BRDA:94,491,1,0
BRDA:94,492,0,0
BRDA:94,492,1,0
BRDA:94,493,0,0
BRDA:94,493,1,0
BRDA:94,494,0,0
BRDA:94,494,1,0
BRDA:94,495,0,0
BRDA:94,495,1,0
BRDA:94,496,0,0
BRDA:94,496,1,0
BRDA:94,497,0,0
BRDA:94,497,1,0
BRDA:95,498,0,0
BRDA:95,498,1,0
BRDA:95,499,0,0
BRDA:95,499,1,0
BRDA:95,500,0,0
BRDA:95,500,1,0
BRDA:95,501,0,0
BRDA:95,501,1,0
BRDA:96,502,0,0
BRDA:96,502,1,0
BRDA:96,503,0,0
BRDA:96,503,1,0
BRDA:96,504,0,0
BRDA:96,504,1,0
BRDA:97,505,0,0
BRDA:97,505,1,0
BRDA:97,506,0,0
BRDA:97,506,1,0
BRDA:100,507,0,0
BRDA:100,507,1,0
BRDA:100,508,0,0
BRDA:100,508,1,0
BRDA:100,509,0,0
BRDA:100,509,1,0
BRDA:100,510,0,0
BRDA:100,510,1,0
BRDA:100,511,0,0
BRDA:100,511,1,0
BRDA:100,512,0,0
BRDA:100,512,1,0
BRDA:101,513,0,0
BRDA:101,513,1,0
BRDA:101,514,0,0
BRDA:101,514,1,0
BRDA:101,515,0,0
BRDA:101,515,1,0
BRDA:102,516,0,0
BRDA:102,516,1,0
BRDA:102,517,0,0
BRDA:102,517,1,0
BRDA:102,517,2,0
BRDA:102,518,0,0
BRDA:102,518,1,0
BRDA:102,519,0,0
BRDA:102,519,1,0
BRDA:102,520,0,0
BRDA:102,520,1,0
BRDA:103,521,0,0
BRDA:103,521,1,0
BRDA:103,522,0,0
BRDA:103,522,1,0
BRDA:103,523,0,0
BRDA:103,523,1,0
BRDA:104,524,0,0
BRDA:104,524,1,0
BRDA:104,525,0,0
BRDA:104,525,1,0
BRDA:104,526,0,0
BRDA:104,526,1,0
BRDA:105,527,0,0
BRDA:105,527,1,0
BRDA:108,528,0,0
BRDA:108,528,1,0
BRDA:108,529,0,0
BRDA:108,529,1,0
BRDA:108,530,0,0
BRDA:108,530,1,0
BRDA:108,531,0,0
BRDA:108,531,1,0
BRDA:108,532,0,0
BRDA:108,532,1,0
BRDA:108,533,0,0
BRDA:108,533,1,0
BRDA:109,534,0,0
BRDA:109,534,1,0
BRDA:109,534,2,0
BRDA:109,535,0,0
BRDA:109,535,1,0
BRDA:109,536,0,0
BRDA:109,536,1,0
BRDA:109,537,0,0
BRDA:109,537,1,0
BRDA:109,537,2,0
BRDA:109,538,0,0
BRDA:109,538,1,0
BRDA:109,539,0,0
BRDA:109,539,1,0
BRDA:110,540,0,0
BRDA:110,540,1,0
BRDA:110,540,2,0
BRDA:110,541,0,0
BRDA:110,541,1,0
BRDA:110,542,0,0
BRDA:110,542,1,0
BRDA:111,543,0,0
BRDA:111,543,1,0
BRDA:111,544,0,0
BRDA:111,544,1,0
BRDA:111,545,0,0
BRDA:111,545,1,0
BRDA:111,546,0,0
BRDA:111,546,1,0
BRDA:111,547,0,0
BRDA:111,547,1,0
BRDA:111,548,0,0
BRDA:111,548,1,0
BRDA:112,549,0,0
BRDA:112,549,1,0
BRDA:112,550,0,0
BRDA:112,550,1,0
BRDA:112,551,0,0
BRDA:112,551,1,0
BRDA:113,552,0,0
BRDA:113,552,1,0
BRDA:113,553,0,0
BRDA:113,553,1,0
BRDA:113,554,0,0
BRDA:113,554,1,0
BRDA:113,555,0,0
BRDA:113,555,1,0
BRDA:113,556,0,0
BRDA:113,556,1,0
BRDA:114,557,0,0
BRDA:114,557,1,0
BRDA:114,558,0,0
BRDA:114,558,1,0
BRDA:114,559,0,0
BRDA:114,559,1,0
BRDA:114,560,0,0
BRDA:114,560,1,0
BRDA:114,561,0,0
BRDA:114,561,1,0
BRDA:115,562,0,0
BRDA:115,562,1,0
BRDA:115,563,0,0
BRDA:115,563,1,0
BRDA:115,564,0,0
BRDA:115,564,1,0
BRDA:115,564,2,0
BRDA:115,565,0,0
BRDA:115,565,1,0
BRDA:115,566,0,0
BRDA:115,566,1,0
BRDA:115,567,0,0
BRDA:115,567,1,0
BRDA:115,567,2,0
BRDA:116,568,0,0
BRDA:116,568,1,0
BRDA:116,569,0,0
BRDA:116,569,1,0
BRDA:116,570,0,0
BRDA:116,570,1,0
BRDA:116,571,0,0
BRDA:116,571,1,0
BRDA:117,572,0,0
BRDA:117,572,1,0
BRDA:117,573,0,0
BRDA:117,573,1,0
BRDA:117,574,0,0
BRDA:117,574,1,0
BRDA:118,575,0,0
BRDA:118,575,1,0
BRDA:120,576,0,0
BRDA:120,576,1,0
BRDA:120,576,2,0
BRDA:120,577,0,0
BRDA:120,577,1,0
BRDA:120,578,0,0
BRDA:120,578,1,0
BRDA:120,579,0,0
BRDA:120,579,1,0
BRDA:120,580,0,0
BRDA:120,580,1,0
BRDA:120,581,0,0
BRDA:120,581,1,0
BRDA:120,581,2,0
BRDA:121,582,0,0
BRDA:121,582,1,0
BRDA:121,583,0,0
BRDA:121,583,1,0
BRDA:121,584,0,0
BRDA:121,584,1,0
BRDA:121,585,0,0
BRDA:121,585,1,0
BRDA:121,586,0,0
BRDA:121,586,1,0
BRDA:121,587,0,0
BRDA:121,587,1,0
BRDA:121,588,0,0
BRDA:121,588,1,0
BRDA:121,589,0,0
BRDA:121,589,1,0
BRDA:121,590,0,0
BRDA:121,590,1,0
BRDA:122,591,0,0
BRDA:122,591,1,0
BRDA:122,592,0,0
BRDA:122,592,1,0
BRDA:122,593,0,0
BRDA:122,593,1,0
BRDA:122,594,0,0
BRDA:122,594,1,0
BRDA:124,595,0,0
BRDA:124,595,1,0
BRDA:124,596,0,0
BRDA:124,596,1,0
BRDA:124,597,0,0
BRDA:124,597,1,0
BRDA:124,598,0,0
BRDA:124,598,1,0
BRDA:124,599,0,0
BRDA:124,599,1,0
BRDA:124,600,0,0
BRDA:124,600,1,0
BRDA:125,601,0,0
BRDA:125,601,1,0
BRDA:126,602,0,0
BRDA:126,602,1,0
BRDA:126,603,0,0
BRDA:126,603,1,0
BRDA:126,604,0,0
BRDA:126,604,1,0
BRDA:126,605,0,0
BRDA:126,605,1,0
BRDA:127,606,0,0
BRDA:127,606,1,0
BRDA:128,607,0,0
BRDA:128,607,1,0
BRDA:128,608,0,0
BRDA:128,608,1,0
BRDA:128,609,0,0
BRDA:128,609,1,0
BRDA:128,610,0,0
BRDA:128,610,1,0
BRDA:128,611,0,0
BRDA:128,611,1,0
BRDA:129,612,0,0
BRDA:129,612,1,0
BRDA:130,613,0,0
BRDA:130,613,1,0
BRDA:130,614,0,0
BRDA:130,614,1,0
BRDA:130,615,0,0
BRDA:130,615,1,0
BRDA:130,616,0,0
BRDA:130,616,1,0
BRDA:130,617,0,0
BRDA:130,617,1,0
BRDA:130,618,0,0
BRDA:130,618,1,0
BRDA:131,619,0,0
BRDA:131,619,1,0
BRDA:131,620,0,0
BRDA:131,620,1,0
BRDA:131,621,0,0
BRDA:131,621,1,0
BRDA:131,621,2,0
BRDA:131,622,0,0
BRDA:131,622,1,0
BRDA:131,623,0,0
BRDA:131,623,1,0
BRDA:132,624,0,0
BRDA:132,624,1,0
BRDA:133,625,0,0
BRDA:133,625,1,0
BRDA:133,626,0,0
BRDA:133,626,1,0
BRDA:133,627,0,0
BRDA:133,627,1,0
BRDA:133,628,0,0
BRDA:133,628,1,0
BRDA:134,629,0,0
BRDA:134,629,1,0
BRDA:134,630,0,0
BRDA:134,630,1,0
BRDA:134,631,0,0
BRDA:134,631,1,0
BRDA:134,632,0,0
BRDA:134,632,1,0
BRDA:134,632,2,0
BRDA:134,632,3,0
BRDA:134,633,0,0
BRDA:134,633,1,0
BRDA:134,634,0,0
BRDA:134,634,1,0
BRDA:134,634,2,0
BRDA:134,634,3,0
BRDA:134,635,0,0
BRDA:134,635,1,0
BRDA:134,636,0,0
BRDA:134,636,1,0
BRDA:134,636,2,0
BRDA:134,636,3,0
BRDA:134,637,0,0
BRDA:134,637,1,0
BRDA:134,638,0,0
BRDA:134,638,1,0
BRDA:134,639,0,0
BRDA:134,639,1,0
BRDA:134,640,0,0
BRDA:134,640,1,0
BRDA:135,641,0,0
BRDA:135,641,1,0
BRDA:135,642,0,0
BRDA:135,642,1,0
BRDA:135,642,2,0
BRDA:135,643,0,0
BRDA:135,643,1,0
BRDA:135,644,0,0
BRDA:135,644,1,0
BRDA:135,645,0,0
BRDA:135,645,1,0
BRDA:135,646,0,0
BRDA:135,646,1,0
BRDA:136,647,0,0
BRDA:136,647,1,0
BRDA:136,648,0,0
BRDA:136,648,1,0
BRDA:136,649,0,0
BRDA:136,649,1,0
BRDA:137,650,0,0
BRDA:137,650,1,0
BRDA:137,651,0,0
BRDA:137,651,1,0
BRDA:139,652,0,0
BRDA:139,652,1,0
BRDA:139,653,0,0
[...]
BRDA:6818,999,0,0
BRDA:6818,999,1,0
BRDA:7036,1000,0,0
BRDA:7036,1000,1,0
BRDA:7037,1001,0,0
BRDA:7037,1001,1,0
BRDA:7041,1002,0,0
BRDA:7041,1002,1,0
BRDA:7041,1002,2,0
BRDA:7041,1002,3,0
BRDA:7041,1002,4,0
BRDA:7046,1003,0,0
BRDA:7046,1003,1,0
BRDA:7059,1004,0,0
BRDA:7059,1004,1,0
BRDA:7064,1005,0,0
BRDA:7064,1005,1,0
BRDA:7157,1006,0,0
BRDA:7157,1006,1,0
BRDA:7160,1007,0,0
BRDA:7160,1007,1,0
BRDA:7166,1008,0,0
BRDA:7166,1008,1,0
BRDA:7176,1009,0,0
BRDA:7176,1009,1,0
BRDA:7192,1010,0,0
BRDA:7192,1010,1,0
BRDA:7202,1011,0,0
BRDA:7202,1011,1,0
BRDA:7211,1012,0,0
BRDA:7211,1012,1,0
BRDA:7211,1013,0,0
BRDA:7211,1013,1,0
BRDA:7213,1014,0,0
BRDA:7213,1014,1,0
BRDA:7222,1015,0,0
BRDA:7222,1015,1,0
BRDA:7223,1016,0,0
BRDA:7223,1016,1,0
BRDA:7230,1017,0,0
BRDA:7230,1017,1,0
BRDA:7231,1018,0,0
BRDA:7231,1018,1,0
BRDA:7234,1019,0,0
BRDA:7234,1019,1,0
BRDA:7251,1020,0,0
BRDA:7251,1020,1,0
BRDA:7317,1021,0,0
BRDA:7317,1021,1,0
BRDA:7320,1022,0,0
BRDA:7320,1022,1,0
BRDA:7320,1023,0,0
BRDA:7320,1023,1,0
BRDA:7329,1024,0,0
BRDA:7329,1024,1,0
BRDA:7332,1025,0,0
BRDA:7332,1025,1,0
BRDA:7340,1026,0,0
BRDA:7340,1026,1,0
BRDA:7340,1027,0,0
BRDA:7340,1027,1,0
BRDA:7342,1028,0,0
BRDA:7342,1028,1,0
BRDA:7347,1029,0,0
BRDA:7347,1029,1,0
BRDA:7347,1030,0,0
BRDA:7347,1030,1,0
BRDA:7349,1031,0,0
BRDA:7349,1031,1,0
BRDA:7353,1032,0,0
BRDA:7353,1032,1,0
BRDA:7353,1033,0,0
BRDA:7353,1033,1,0
BRDA:7364,1034,0,0
BRDA:7364,1034,1,0
BRDA:7364,1035,0,0
BRDA:7364,1035,1,0
BRDA:7370,1036,0,0
BRDA:7370,1036,1,0
BRDA:7370,1037,0,0
BRDA:7370,1037,1,0
BRDA:7399,1038,0,0
BRDA:7399,1038,1,0
BRDA:7399,1039,0,0
BRDA:7399,1039,1,0
BRDA:7403,1040,0,0
BRDA:7403,1040,1,0
BRDA:7403,1041,0,0
BRDA:7403,1041,1,0
BRDA:7420,1042,0,0
BRDA:7420,1042,1,0
BRDA:7425,1043,0,0
BRDA:7425,1043,1,0
BRDA:7429,1044,0,0
BRDA:7429,1044,1,0
BRDA:7433,1045,0,0
BRDA:7433,1045,1,0
BRDA:7436,1046,0,0
BRDA:7436,1046,1,0
BRDA:7512,1047,0,0
BRDA:7512,1047,1,0
BRDA:7557,1048,0,0
BRDA:7557,1048,1,0
BRDA:7559,1049,0,0
BRDA:7559,1049,1,0
BRDA:7630,1050,0,0
BRDA:7630,1050,1,0
BRDA:7633,1051,0,0
BRDA:7633,1051,1,0
BRDA:7648,1052,0,0
BRDA:7648,1052,1,0
BRDA:7654,1053,0,0
BRDA:7654,1053,1,0
BRDA:7685,1054,0,0
BRDA:7685,1054,1,0
BRDA:7711,1055,0,0
BRDA:7711,1055,1,0
BRDA:7712,1056,0,0
BRDA:7712,1056,1,0
BRDA:7717,1057,0,0
BRDA:7717,1057,1,0
BRDA:7719,1058,0,0
BRDA:7719,1058,1,0
BRDA:7721,1059,0,0
BRDA:7721,1059,1,0
BRDA:7723,1060,0,0
BRDA:7723,1060,1,0
BRDA:7725,1061,0,0
BRDA:7725,1061,1,0
BRDA:7761,1062,0,0
BRDA:7761,1062,1,0
BRDA:7763,1063,0,0
BRDA:7763,1063,1,0
BRDA:7766,1064,0,0
BRDA:7766,1064,1,0
BRDA:7894,1065,0,0
BRDA:7894,1065,1,0
BRDA:7906,1066,0,0
BRDA:7906,1066,1,0
BRDA:7906,1067,0,0
BRDA:7906,1067,1,0
BRDA:7911,1068,0,0
BRDA:7911,1068,1,0
BRDA:7933,1069,0,0
BRDA:7933,1069,1,0
BRDA:7960,1070,0,0
BRDA:7960,1070,1,0
BRDA:8016,1071,0,0
BRDA:8016,1071,1,0
BRDA:8064,1072,0,0
BRDA:8064,1072,1,0
BRDA:8066,1073,0,0
BRDA:8066,1073,1,0
BRDA:8114,1074,0,0
BRDA:8114,1074,1,0
BRDA:8127,1075,0,0
BRDA:8127,1075,1,0
BRDA:8130,1076,0,0
BRDA:8130,1076,1,0
BRDA:8136,1077,0,0
BRDA:8136,1077,1,0
BRDA:8140,1078,0,0
BRDA:8140,1078,1,0
BRDA:8152,1079,0,0
BRDA:8152,1079,1,0
BRDA:8152,1080,0,0
BRDA:8152,1080,1,0
BRDA:8170,1081,0,0
BRDA:8170,1081,1,0
BRDA:8179,1082,0,0
BRDA:8179,1082,1,0
BRDA:8188,1083,0,0
BRDA:8188,1083,1,0
BRDA:8190,1084,0,0
BRDA:8190,1084,1,0
BRDA:8192,1085,0,0
BRDA:8192,1085,1,0
BRDA:8260,1086,0,0
BRDA:8260,1086,1,0
BRDA:8260,1087,0,0
BRDA:8260,1087,1,0
BRDA:8260,1087,2,0
BRDA:8303,1088,0,0
BRDA:8303,1088,1,0
BRDA:8401,1089,0,0
BRDA:8401,1089,1,0
BRDA:8401,1090,0,0
BRDA:8401,1090,1,0
BRDA:8404,1091,0,0
BRDA:8404,1091,1,0
BRDA:8406,1092,0,0
BRDA:8406,1092,1,0
BRDA:8412,1093,0,0
BRDA:8412,1093,1,0
BRDA:8437,1094,0,0
BRDA:8437,1094,1,0
BRDA:8446,1095,0,0
BRDA:8446,1095,1,0
BRDA:8461,1096,0,0
BRDA:8461,1096,1,0
BRDA:8464,1097,0,0
BRDA:8464,1097,1,0
BRDA:8563,1098,0,0
BRDA:8563,1098,1,0
BRDA:8621,1099,0,0
BRDA:8621,1099,1,0
BRDA:8623,1100,0,0
BRDA:8623,1100,1,0
BRDA:8631,1101,0,0
BRDA:8631,1101,1,0
BRDA:8634,1102,0,0
BRDA:8634,1102,1,0
BRDA:8673,1103,0,0
BRDA:8673,1103,1,0
BRDA:8675,1104,0,0
BRDA:8675,1104,1,0
BRDA:8780,1105,0,0
BRDA:8780,1105,1,0
BRDA:8780,1106,0,0
BRDA:8780,1106,1,0
BRDA:8988,1107,0,0
BRDA:8988,1107,1,0
BRDA:9004,1108,0,0
BRDA:9004,1108,1,0
BRDA:9005,1109,0,0
BRDA:9005,1109,1,0
BRDA:9005,1110,0,0
BRDA:9005,1110,1,0
BRDA:9007,1111,0,0
BRDA:9007,1111,1,0
BRDA:9022,1112,0,0
BRDA:9022,1112,1,0
BRDA:9023,1113,0,0
BRDA:9023,1113,1,0
BRDA:9028,1114,0,0
BRDA:9028,1114,1,0
BRDA:9111,1115,0,0
BRDA:9111,1115,1,0
BRDA:9128,1116,0,0
BRDA:9128,1116,1,0
BRDA:9135,1117,0,0
BRDA:9135,1117,1,0
BRDA:9135,1118,0,0
BRDA:9135,1118,1,0
BRDA:9145,1119,0,0
BRDA:9145,1119,1,0
BRDA:9151,1120,0,0
BRDA:9151,1120,1,0
BRDA:9205,1121,0,0
BRDA:9205,1121,1,0
BRDA:9207,1122,0,0
BRDA:9207,1122,1,0
BRDA:9209,1123,0,0
BRDA:9209,1123,1,0
BRDA:9234,1124,0,0
BRDA:9234,1124,1,0
BRDA:9236,1125,0,0
BRDA:9236,1125,1,0
BRDA:9251,1126,0,0
BRDA:9251,1126,1,0
BRDA:9251,1127,0,0
BRDA:9251,1127,1,0
BRDA:9291,1128,0,0
BRDA:9291,1128,1,0
BRDA:9410,1129,0,0
BRDA:9410,1129,1,0
BRDA:9411,1130,0,0
BRDA:9411,1130,1,0
BRDA:9436,1131,0,0
BRDA:9436,1131,1,0
BRDA:9436,1132,0,0
BRDA:9436,1132,1,0
BRDA:9441,1133,0,0
BRDA:9441,1133,1,0
BRDA:9441,1134,0,0
BRDA:9441,1134,1,0
BRDA:9450,1135,0,0
BRDA:9450,1135,1,0
BRDA:9450,1136,0,0
BRDA:9450,1136,1,0
BRDA:9465,1137,0,0
BRDA:9465,1137,1,0
BRDA:9470,1138,0,0
BRDA:9470,1138,1,0
BRDA:9471,1139,0,0
BRDA:9471,1139,1,0
BRDA:9474,1140,0,0
BRDA:9474,1140,1,0
BRDA:9491,1141,0,0
BRDA:9491,1141,1,0
BRDA:9495,1142,0,0
BRDA:9495,1142,1,0
BRDA:9503,1143,0,0
BRDA:9503,1143,1,0
BRDA:9504,1144,0,0
BRDA:9504,1144,1,0
BRDA:9506,1145,0,0
BRDA:9506,1145,1,0
BRDA:9515,1146,0,0
BRDA:9515,1146,1,0
BRDA:9523,1147,0,0
BRDA:9523,1147,1,0
BRDA:9532,1148,0,0
BRDA:9532,1148,1,0
BRDA:9532,1149,0,0
BRDA:9532,1149,1,0
BRDA:9532,1149,2,0
BRDA:9535,1150,0,0
BRDA:9535,1150,1,0
BRDA:9535,1151,0,0
BRDA:9535,1151,1,0
BRDA:9538,1152,0,0
BRDA:9538,1152,1,0
BRDA:9538,1153,0,0
BRDA:9538,1153,1,0
BRDA:9543,1154,0,0
BRDA:9543,1154,1,0
BRDA:9557,1155,0,0
BRDA:9557,1155,1,0
BRDA:9557,1156,0,0
BRDA:9557,1156,1,0
BRDA:9565,1157,0,0
BRDA:9565,1157,1,0
BRDA:9565,1158,0,0
BRDA:9565,1158,1,0
BRDA:9565,1158,2,0
BRDA:9568,1159,0,0
BRDA:9568,1159,1,0
BRDA:9568,1160,0,0
BRDA:9568,1160,1,0
BRDA:9568,1160,2,0
BRDA:9572,1161,0,0
BRDA:9572,1161,1,0
BRDA:9572,1162,0,0
BRDA:9572,1162,1,0
BRDA:9575,1163,0,0
BRDA:9575,1163,1,0
BRDA:9575,1164,0,0
BRDA:9575,1164,1,0
BRDA:9595,1165,0,0
BRDA:9595,1165,1,0
BRDA:9603,1166,0,0
BRDA:9603,1166,1,0
BRDA:9603,1167,0,0
BRDA:9603,1167,1,0
BRDA:9607,1168,0,0
BRDA:9607,1168,1,0
BRDA:9609,1169,0,0
BRDA:9609,1169,1,0
BRDA:9621,1170,0,0
BRDA:9621,1170,1,0
BRDA:9629,1171,0,0
BRDA:9629,1171,1,0
BRDA:9631,1172,0,0
BRDA:9631,1172,1,0
BRDA:9631,1173,0,0
BRDA:9631,1173,1,0
BRDA:9633,1174,0,0
BRDA:9633,1174,1,0
BRDA:9633,1175,0,0
BRDA:9633,1175,1,0
BRDA:9635,1176,0,0
BRDA:9635,1176,1,0
BRDA:9646,1177,0,0
BRDA:9646,1177,1,0
BRDA:9646,1178,0,0
BRDA:9646,1178,1,0
BRDA:9706,1179,0,0
BRDA:9706,1179,1,0
BRDA:9713,1180,0,0
BRDA:9713,1180,1,0
BRDA:9728,1181,0,0
BRDA:9728,1181,1,0
BRDA:9729,1182,0,0
BRDA:9729,1182,1,0
BRDA:9740,1183,0,0
BRDA:9740,1183,1,0
BRDA:9865,1184,0,0
BRDA:9865,1184,1,0
BRDA:9873,1185,0,0
BRDA:9873,1185,1,0
BRDA:9884,1186,0,0
BRDA:9884,1186,1,0
BRDA:9912,1187,0,0
BRDA:9912,1187,1,0
BRDA:9921,1188,0,0
BRDA:9921,1188,1,0
BRDA:9941,1189,0,0
BRDA:9941,1189,1,0
BRDA:9941,1190,0,0
BRDA:9941,1190,1,0
BRDA:9977,1191,0,0
BRDA:9977,1191,1,0
BRDA:9984,1192,0,0
BRDA:9984,1192,1,0
BRDA:9993,1193,0,0
BRDA:9993,1193,1,0
BRDA:9993,1194,0,0
BRDA:9993,1194,1,0
BRDA:9997,1195,0,0
BRDA:9997,1195,1,0
BRDA:10000,1196,0,0
BRDA:10000,1196,1,0
BRDA:10004,1197,0,0
BRDA:10004,1197,1,0
BRDA:10020,1198,0,0
BRDA:10020,1198,1,0
BRDA:10026,1199,0,0
BRDA:10026,1199,1,0
BRDA:10045,1200,0,0
BRDA:10045,1200,1,0
BRDA:10049,1201,0,0
BRDA:10049,1201,1,0
BRDA:10053,1202,0,0
BRDA:10053,1202,1,0
BRDA:10057,1203,0,0
BRDA:10057,1203,1,0
BRDA:10065,1204,0,0
BRDA:10065,1204,1,0
BRDA:10074,1205,0,0
BRDA:10074,1205,1,0
BRDA:10083,1206,0,0
BRDA:10083,1206,1,0
BRDA:10083,1207,0,0
BRDA:10083,1207,1,0
BRDA:10086,1208,0,0
BRDA:10086,1208,1,0
BRDA:10101,1209,0,0
BRDA:10101,1209,1,0
BRDA:10101,1210,0,0
BRDA:10101,1210,1,0
BRDA:10103,1211,0,0
BRDA:10103,1211,1,0
BRDA:10116,1212,0,0
BRDA:10116,1212,1,0
BRDA:10122,1213,0,0
BRDA:10122,1213,1,0
BRDA:10122,1214,0,0
BRDA:10122,1214,1,0
BRDA:10122,1214,2,0
BRDA:10122,1214,3,0
BRDA:10137,1215,0,0
BRDA:10137,1215,1,0
BRDA:10147,1216,0,0
BRDA:10147,1216,1,0
BRDA:10153,1217,0,0
BRDA:10153,1217,1,0
BRDA:10220,1218,0,0
BRDA:10220,1218,1,0
BRDA:10243,1219,0,0
BRDA:10243,1219,1,0
BRDA:10247,1220,0,0
BRDA:10247,1220,1,0
BRDA:10257,1221,0,0
BRDA:10257,1221,1,0
BRDA:10282,1222,0,0
BRDA:10282,1222,1,0
BRDA:10282,1223,0,0
BRDA:10282,1223,1,0
BRDA:10284,1224,0,0
BRDA:10284,1224,1,0
BRDA:10284,1225,0,0
BRDA:10284,1225,1,0
BRDA:10300,1226,0,0
BRDA:10300,1226,1,0
BRDA:10310,1227,0,0
BRDA:10310,1227,1,0
BRDA:10315,1228,0,0
BRDA:10315,1228,1,0
BRDA:10315,1229,0,0
BRDA:10315,1229,1,0
BRDA:10317,1230,0,0
BRDA:10317,1230,1,0
BRDA:10321,1231,0,0
BRDA:10321,1231,1,0
BRDA:10373,1232,0,0
BRDA:10373,1232,1,0
BRDA:10438,1233,0,0
BRDA:10438,1233,1,0
BRDA:10478,1234,0,0
BRDA:10478,1234,1,0
BRDA:10483,1235,0,0
BRDA:10483,1235,1,0
BRDA:10511,1236,0,0
BRDA:10511,1236,1,0
BRDA:10519,1237,0,0
BRDA:10519,1237,1,0
BRDA:10525,1238,0,0
BRDA:10525,1238,1,0
BRDA:10531,1239,0,0
BRDA:10531,1239,1,0
BRDA:10545,1240,0,0
BRDA:10545,1240,1,0
BRDA:10566,1241,0,0
BRDA:10566,1241,1,0
BRDA:10574,1242,0,0
BRDA:10574,1242,1,0
BRDA:10597,1243,0,0
BRDA:10597,1243,1,0
BRDA:10624,1244,0,0
BRDA:10624,1244,1,0
BRDA:10689,1245,0,0
BRDA:10689,1245,1,0
BRDA:10689,1246,0,0
BRDA:10689,1246,1,0
BRDA:10706,1247,0,0
BRDA:10706,1247,1,0
BRDA:10743,1248,0,0
BRDA:10743,1248,1,0
BRDA:10752,1249,0,0
BRDA:10752,1249,1,0
BRDA:10789,1250,0,0
BRDA:10789,1250,1,0
BRDA:10793,1251,0,0
BRDA:10793,1251,1,0
BRDA:10793,1252,0,0
BRDA:10793,1252,1,0
BRDA:10797,1253,0,0
BRDA:10797,1253,1,0
BRDA:10801,1254,0,0
BRDA:10801,1254,1,0
BRDA:10805,1255,0,0
BRDA:10805,1255,1,0
BRDA:10819,1256,0,0
BRDA:10819,1256,1,0
BRDA:10819,1257,0,0
BRDA:10819,1257,1,0
BRDA:10863,1258,0,0
BRDA:10863,1258,1,0
BRDA:10866,1259,0,0
BRDA:10866,1259,1,0
BRDA:10871,1260,0,0
BRDA:10871,1260,1,0
BRDA:10873,1261,0,0
BRDA:10873,1261,1,0
BRDA:10880,1262,0,0
BRDA:10880,1262,1,0
BRDA:10881,1263,0,0
BRDA:10881,1263,1,0
BRDA:10890,1264,0,0
BRDA:10890,1264,1,0
BRDA:10892,1265,0,0
BRDA:10892,1265,1,0
BRDA:10896,1266,0,0
BRDA:10896,1266,1,0
BRDA:10906,1267,0,0
BRDA:10906,1267,1,0
BRDA:10918,1268,0,0
BRDA:10918,1268,1,0
BRDA:10921,1269,0,0
BRDA:10921,1269,1,0
BRDA:10921,1270,0,0
BRDA:10921,1270,1,0
BRDA:10949,1271,0,0
BRDA:10949,1271,1,0
BRDA:10959,1272,0,0
BRDA:10959,1272,1,0
BRDA:10968,1273,0,0
BRDA:10968,1273,1,0
BRDA:10968,1274,0,0
BRDA:10968,1274,1,0
BRDA:10977,1275,0,0
BRDA:10977,1275,1,0
BRDA:10983,1276,0,0
BRDA:10983,1276,1,0
BRDA:11040,1277,0,0
BRDA:11040,1277,1,0
BRDA:11156,1278,0,0
BRDA:11156,1278,1,0
BRDA:11156,1279,0,0
BRDA:11156,1279,1,0
BRDA:11158,1280,0,0
BRDA:11158,1280,1,0
BRDA:11160,1281,0,0
BRDA:11160,1281,1,0
BRDA:11181,1282,0,0
BRDA:11181,1282,1,0
BRDA:11181,1283,0,0
BRDA:11181,1283,1,0
BRDA:11188,1284,0,0
BRDA:11188,1284,1,0
BRDA:11188,1285,0,0
BRDA:11188,1285,1,0
BRDA:11203,1286,0,0
BRDA:11203,1286,1,0
BRDA:11217,1287,0,0
BRDA:11217,1287,1,0
BRDA:11223,1288,0,0
BRDA:11223,1288,1,0
BRDA:11231,1289,0,0
BRDA:11231,1289,1,0
BRDA:11233,1290,0,0
BRDA:11233,1290,1,0
BRDA:11240,1291,0,0
BRDA:11240,1291,1,0
BRDA:11251,1292,0,0
BRDA:11251,1292,1,0
BRDA:11254,1293,0,0
BRDA:11254,1293,1,0
BRDA:11273,1294,0,0
BRDA:11273,1294,1,0
BRDA:11290,1295,0,0
BRDA:11290,1295,1,0
BRDA:11294,1296,0,0
BRDA:11294,1296,1,0
BRDA:11309,1297,0,0
BRDA:11309,1297,1,0
BRDA:11312,1298,0,0
BRDA:11312,1298,1,0
BRDA:11312,1299,0,0
BRDA:11312,1299,1,0
BRDA:11328,1300,0,0
BRDA:11328,1300,1,0
BRDA:11328,1301,0,0
BRDA:11328,1301,1,0
BRDA:11330,1302,0,0
BRDA:11330,1302,1,0
BRDA:11330,1303,0,0
BRDA:11330,1303,1,0
BRDA:11332,1304,0,0
BRDA:11332,1304,1,0
BRDA:11332,1305,0,0
BRDA:11332,1305,1,0
BRDA:11350,1306,0,0
BRDA:11350,1306,1,0
BRDA:11354,1307,0,0
BRDA:11354,1307,1,0
BRDA:11483,1308,0,0
BRDA:11483,1308,1,0
BRDA:11499,1309,0,0
BRDA:11499,1309,1,0
BRDA:11501,1310,0,0
BRDA:11501,1310,1,0
BRDA:11508,1311,0,0
BRDA:11508,1311,1,0
BRDA:11519,1312,0,0
BRDA:11519,1312,1,0
BRDA:11522,1313,0,0
BRDA:11522,1313,1,0
BRDA:11540,1314,0,0
BRDA:11540,1314,1,0
BRDA:11559,1315,0,0
BRDA:11559,1315,1,0
BRDA:11563,1316,0,0
BRDA:11563,1316,1,0
BRDA:11579,1317,0,0
BRDA:11579,1317,1,0
BRDA:11579,1318,0,0
BRDA:11579,1318,1,0
BRDA:11597,1319,0,0
BRDA:11597,1319,1,0
BRDA:11601,1320,0,0
BRDA:11601,1320,1,0
BRDA:11683,1321,0,0
BRDA:11683,1321,1,0
BRDA:11686,1322,0,0
BRDA:11686,1322,1,0
BRDA:11757,1323,0,0
BRDA:11757,1323,1,0
BRDA:11774,1324,0,0
BRDA:11774,1324,1,0
BRDA:11778,1325,0,0
BRDA:11778,1325,1,0
BRDA:11782,1326,0,0
BRDA:11782,1326,1,0
BRDA:11784,1327,0,0
BRDA:11784,1327,1,0
BRDA:11800,1328,0,0
BRDA:11800,1328,1,0
BRDA:11838,1329,0,0
BRDA:11838,1329,1,0
BRDA:11840,1330,0,0
BRDA:11840,1330,1,0
BRDA:11858,1331,0,0
BRDA:11858,1331,1,0
BRDA:11859,1332,0,0
BRDA:11859,1332,1,0
BRDA:11866,1333,0,0
BRDA:11866,1333,1,0
BRDA:11866,1334,0,0
BRDA:11866,1334,1,0
BRDA:11892,1335,0,0
BRDA:11892,1335,1,0
BRDA:11900,1336,0,0
BRDA:11900,1336,1,0
BRDA:11901,1337,0,0
BRDA:11901,1337,1,0
BRDA:11905,1338,0,0
BRDA:11905,1338,1,0
BRDA:11915,1339,0,0
BRDA:11915,1339,1,0
BRDA:11933,1340,0,0
BRDA:11933,1340,1,0
BRDA:11945,1341,0,0
BRDA:11945,1341,1,0
BRDA:11948,1342,0,0
BRDA:11948,1342,1,0
BRDA:11958,1343,0,0
BRDA:11958,1343,1,0
BRDA:11959,1344,0,0
BRDA:11959,1344,1,0
BRDA:11967,1345,0,0
BRDA:11967,1345,1,0
BRDA:11971,1346,0,0
BRDA:11971,1346,1,0
BRDA:11991,1347,0,0
BRDA:11991,1347,1,0
BRDA:11996,1348,0,0
BRDA:11996,1348,1,0
BRDA:12009,1349,0,0
BRDA:12009,1349,1,0
BRDA:12015,1350,0,0
BRDA:12015,1350,1,0
BRDA:12017,1351,0,0
BRDA:12017,1351,1,0
BRDA:12022,1352,0,0
BRDA:12022,1352,1,0
BRDA:12031,1353,0,0
BRDA:12031,1353,1,0
BRDA:12031,1354,0,0
BRDA:12031,1354,1,0
BRDA:12149,1355,0,0
BRDA:12149,1355,1,0
BRDA:12240,1356,0,0
BRDA:12240,1356,1,0
BRDA:12249,1357,0,0
BRDA:12249,1357,1,0
BRDA:12269,1358,0,0
BRDA:12269,1358,1,0
BRDA:12284,1359,0,0
BRDA:12284,1359,1,0
BRDA:12284,1360,0,0
BRDA:12284,1360,1,0
BRDA:12289,1361,0,0
BRDA:12289,1361,1,0
BRDA:12304,1362,0,0
BRDA:12304,1362,1,0
BRDA:12305,1363,0,0
BRDA:12305,1363,1,0
BRDA:12345,1364,0,0
BRDA:12345,1364,1,0
BRDA:12349,1365,0,0
BRDA:12349,1365,1,0
BRDA:12369,1366,0,16
BRDA:12369,1366,1,0
BRDA:12434,1367,0,0
BRDA:12434,1367,1,0
BRDA:12440,1368,0,0
BRDA:12440,1368,1,0
BRDA:12448,1369,0,0
BRDA:12448,1369,1,0
BRDA:12449,1370,0,0
BRDA:12449,1370,1,0
BRDA:12452,1371,0,0
BRDA:12452,1371,1,0
BRDA:12579,1372,0,0
BRDA:12579,1372,1,0
BRDA:12595,1373,0,0
BRDA:12595,1373,1,0
BRDA:12671,1374,0,0
BRDA:12671,1374,1,0
BRDA:12673,1375,0,0
BRDA:12673,1375,1,0
BRDA:12692,1376,0,0
BRDA:12692,1376,1,0
BRDA:12696,1377,0,0
BRDA:12696,1377,1,0
BRDA:12702,1378,0,0
BRDA:12702,1378,1,0
BRDA:12703,1379,0,0
BRDA:12703,1379,1,0
BRDA:12717,1380,0,0
BRDA:12717,1380,1,0
BRDA:12720,1381,0,0
BRDA:12720,1381,1,0
BRDA:12721,1382,0,0
BRDA:12721,1382,1,0
BRDA:12743,1383,0,0
BRDA:12743,1383,1,0
BRDA:12753,1384,0,0
BRDA:12753,1384,1,0
BRDA:12754,1385,0,0
BRDA:12754,1385,1,0
BRDA:12772,1386,0,0
BRDA:12772,1386,1,0
BRDA:12795,1387,0,0
BRDA:12795,1387,1,0
BRDA:12806,1388,0,0
BRDA:12806,1388,1,0
BRDA:12806,1389,0,0
BRDA:12806,1389,1,0
BRDA:12808,1390,0,0
BRDA:12808,1390,1,0
BRDA:12809,1391,0,0
BRDA:12809,1391,1,0
BRDA:12818,1392,0,0
BRDA:12818,1392,1,0
BRDA:12836,1393,0,0
BRDA:12836,1393,1,0
BRDA:12837,1394,0,0
BRDA:12837,1394,1,0
BRDA:12839,1395,0,0
BRDA:12839,1395,1,0
BRDA:12839,1396,0,0
BRDA:12839,1396,1,0
BRDA:12842,1397,0,0
BRDA:12842,1397,1,0
BRDA:12842,1398,0,0
BRDA:12842,1398,1,0
BRDA:12856,1399,0,0
BRDA:12856,1399,1,0
BRDA:12856,1400,0,0
BRDA:12856,1400,1,0
BRDA:12874,1401,0,0
BRDA:12874,1401,1,0
BRDA:12893,1402,0,0
BRDA:12893,1402,1,0
BRDA:12896,1403,0,0
BRDA:12896,1403,1,0
BRDA:12896,1404,0,0
BRDA:12896,1404,1,0
BRDA:12897,1405,0,0
BRDA:12897,1405,1,0
BRDA:12907,1406,0,0
BRDA:12907,1406,1,0
BRDA:12908,1407,0,0
BRDA:12908,1407,1,0
BRDA:12914,1408,0,0
BRDA:12914,1408,1,0
BRDA:12933,1409,0,0
BRDA:12933,1409,1,0
BRDA:12942,1410,0,0
BRDA:12942,1410,1,0
BRDA:12945,1411,0,0
BRDA:12945,1411,1,0
BRDA:12953,1412,0,0
BRDA:12953,1412,1,0
BRDA:12957,1413,0,0
BRDA:12957,1413,1,0
BRDA:12967,1414,0,0
BRDA:12967,1414,1,0
BRDA:12981,1415,0,0
BRDA:12981,1415,1,0
BRDA:12988,1416,0,0
BRDA:12988,1416,1,0
BRDA:13010,1417,0,0
BRDA:13010,1417,1,0
BRDA:13020,1418,0,0
BRDA:13020,1418,1,0
BRDA:13041,1419,0,0
BRDA:13041,1419,1,0
BRDA:13056,1420,0,0
BRDA:13056,1420,1,0
BRDA:13068,1421,0,0
BRDA:13068,1421,1,0
BRDA:13073,1422,0,0
BRDA:13073,1422,1,0
BRDA:13084,1423,0,0
BRDA:13084,1423,1,0
BRDA:13111,1424,0,0
BRDA:13111,1424,1,0
BRDA:13113,1425,0,0
BRDA:13113,1425,1,0
BRDA:13116,1426,0,0
BRDA:13116,1426,1,0
BRDA:13129,1427,0,0
BRDA:13129,1427,1,0
BRDA:13156,1428,0,0
BRDA:13156,1428,1,0
BRDA:13170,1429,0,0
BRDA:13170,1429,1,0
BRDA:13204,1430,0,0
BRDA:13204,1430,1,0
BRDA:13204,1431,0,0
BRDA:13204,1431,1,0
BRDA:13210,1432,0,0
BRDA:13210,1432,1,0
BRDA:13223,1433,0,0
BRDA:13223,1433,1,0
BRDA:13225,1434,0,0
BRDA:13225,1434,1,0
BRDA:13235,1435,0,0
BRDA:13235,1435,1,0
BRDA:13245,1436,0,0
BRDA:13245,1436,1,0
BRDA:13245,1437,0,0
BRDA:13245,1437,1,0
BRDA:13249,1438,0,0
BRDA:13249,1438,1,0
BRDA:13250,1439,0,0
BRDA:13250,1439,1,0
BRDA:13264,1440,0,0
BRDA:13264,1440,1,0
BRDA:13273,1441,0,0
BRDA:13273,1441,1,0
BRDA:13283,1442,0,0
BRDA:13283,1442,1,0
BRDA:13283,1443,0,0
BRDA:13283,1443,1,0
BRDA:13291,1444,0,0
BRDA:13291,1444,1,0
BRDA:13299,1445,0,0
BRDA:13299,1445,1,0
BRDA:13308,1446,0,0
BRDA:13308,1446,1,0
BRDA:13308,1447,0,0
BRDA:13308,1447,1,0
BRDA:13361,1448,0,0
BRDA:13361,1448,1,0
BRDA:13361,1449,0,0
BRDA:13361,1449,1,0
BRDA:13364,1450,0,0
BRDA:13364,1450,1,0
BRDA:13364,1451,0,0
BRDA:13364,1451,1,0
BRDA:13367,1452,0,0
BRDA:13367,1452,1,0
BRDA:13367,1453,0,0
BRDA:13367,1453,1,0
BRDA:13372,1454,0,0
BRDA:13372,1454,1,0
BRF:3012
BRH:70
end_of_record
TN:
SF:assets/js/timelinepage.js
FN:1,(anonymous_1)
FN:25,getItemsFromJqueryArrayTimelineArray
FN:31,(anonymous_3)
FN:42,genericRetrieval
FN:52,getTimelineCustomItems
FN:64,(anonymous_6)
FN:82,itemBackgroundModifier
FN:86,(anonymous_8)
FN:93,getcolorIdsData
FN:98,getcolorDescData
FN:103,getSortedColorIdsData
FN:105,(anonymous_12)
FNF:12
FNH:6
FNDA:0,(anonymous_1)
FNDA:2,getItemsFromJqueryArrayTimelineArray
FNDA:2,(anonymous_3)
FNDA:18,genericRetrieval
FNDA:0,getTimelineCustomItems
FNDA:0,(anonymous_6)
FNDA:0,itemBackgroundModifier
FNDA:0,(anonymous_8)
FNDA:5,getcolorIdsData
FNDA:1,getcolorDescData
FNDA:1,getSortedColorIdsData
FNDA:0,(anonymous_12)
DA:1,1
DA:3,0
DA:5,0
DA:7,0
DA:9,0
DA:11,0
DA:13,0
DA:15,0
DA:17,0
DA:19,0
DA:21,0
DA:25,1
DA:27,2
DA:29,2
DA:31,2
DA:32,2
DA:39,2
DA:42,1
DA:44,18
DA:45,1
DA:48,17
DA:52,1
DA:54,0
DA:56,0
DA:57,0
DA:60,0
DA:62,0
DA:63,0
DA:64,0
DA:65,0
DA:66,0
DA:67,0
DA:68,0
DA:76,0
DA:77,0
DA:79,0
DA:82,1
DA:84,0
DA:85,0
DA:86,0
DA:87,0
DA:88,0
DA:93,1
DA:94,5
DA:95,4
DA:98,1
DA:99,1
DA:100,0
DA:103,1
DA:104,1
DA:105,0
LF:51
LH:20
BRDA:44,1,0,1
BRDA:44,1,1,17
BRDA:44,2,0,18
BRDA:44,2,1,17
BRDA:44,2,2,17
BRDA:56,3,0,0
BRDA:56,3,1,0
BRDA:94,4,0,1
BRDA:94,4,1,4
BRDA:99,5,0,1
BRDA:99,5,1,0
BRDA:104,6,0,1
BRDA:104,6,1,0
BRF:13
BRH:9
end_of_record
TN:
SF:assets/js/zoom.js
FN:1,(anonymous_1)
FN:2,(anonymous_2)
FN:10,(anonymous_3)
FN:27,(anonymous_4)
FN:36,(anonymous_5)
FNF:5
FNH:0
FNDA:0,(anonymous_1)
FNDA:0,(anonymous_2)
FNDA:0,(anonymous_3)
FNDA:0,(anonymous_4)
FNDA:0,(anonymous_5)
DA:1,1
DA:2,0
DA:3,0
DA:4,0
DA:6,0
DA:7,0
DA:10,0
DA:11,0
DA:12,0
DA:14,0
DA:15,0
DA:16,0
DA:20,0
DA:21,0
DA:22,0
DA:24,0
DA:27,0
DA:28,0
DA:29,0
DA:30,0
DA:31,0
DA:32,0
DA:36,0
DA:37,0
LF:24
LH:1
BRDA:3,1,0,0
BRDA:3,1,1,0
BRDA:6,2,0,0
BRDA:6,2,1,0
BRDA:11,3,0,0
BRDA:11,3,1,0
BRDA:14,4,0,0
BRDA:14,4,1,0
BRDA:15,5,0,0
BRDA:15,5,1,0
BRDA:20,6,0,0
BRDA:20,6,1,0
BRDA:28,7,0,0
BRDA:28,7,1,0
BRF:14
BRH:0
end_of_record
